Running with eyJleHAiOiAiaGVhdGluZ18xMmgiLCAibW9kZWxfdHlwZSI6ICJGRURGb3JtZXIiLCAic3RfbHQiOiAic2hvcnQtdGVybSIsICJzZW5zb3JfcHJlZml4IjogInNlbnNvcl8iLCAibW9kZV9wcmVmaXgiOiAibW9kZV8iLCAiZGlmZl9wcmVmaXgiOiAidF9zaW5jZV9vYnMiLCAibW9kZV9jb21wb25lbnQiOiBbIm1vZGVfaGVhdCJdfQ== eyJjb21wb25lbnQiOiAiYWxsIiwgImZvbGQiOiAwLCAiYnVuZGxlX2ZpbGUiOiAiL2hvbWUvamFuaXMvR2l0L2lvdHByZWRpY3Rpb24vZGF0YS9oZWF0aW5nXzEyaC9mb2xkMC5wa2wiLCAicHJlZGljdGlvbl9ob3Jpem9uIjogMTgwMCwgInByZWRpY3Rpb25fc3RyaWRlIjogMTUsICJpbnB1dF9zaXplIjogMTgwMCwgImdzIjogZmFsc2UsICJzaW0iOiB0cnVlLCAidHJhaW5fYm91bmRhcmllcyI6IHRydWUsICJsb3dlcl92YWxzIjogWzc3LCA3OF0sICJ1cHBlcl92YWxzIjogWzk4LCA5OV0sICJsb3dlciI6IG51bGwsICJ1cHBlciI6IG51bGwsICJhY3R1YWxfYm91bmRhcmllcyI6IFs4MCwgMTAwXSwgInNlZ21lbnRhdGlvbiI6ICJvZmYiLCAibXVsdGkiOiBmYWxzZX0= eyJzY2FsZV9taW4iOiBbNzUuODYwODc3OTkwNzIyNjZdLCAic2NhbGVfbWF4IjogWzEwMC4wXX0=
Loaded latest intermediate JSON from 2026-03-06 15:46:53.405003
Starting gridsearch for simulated control modes...
Total coarse configurations to evaluate: 4
Lower bounds: [77, 78]
Upper bounds: [98, 99]
Trained and saved prediction model to ./models_tmp/LightGBM_gridsearch_training_l77_u98_heating_12h_0_Models.TCN_1800_15_1800_False.pkl
Current prediction at 77 98
Chunk 0/168 finished
Chunk 1/168 finished
Chunk 2/168 finished
Chunk 3/168 finished
Chunk 4/168 finished
Chunk 5/168 finished
Chunk 6/168 finished
Chunk 7/168 finished
Chunk 8/168 finished
Chunk 9/168 finished
Chunk 10/168 finished
Chunk 11/168 finished
Chunk 12/168 finished
Chunk 13/168 finished
Chunk 14/168 finished
Chunk 15/168 finished
Chunk 16/168 finished
Chunk 17/168 finished
Chunk 18/168 finished
Chunk 19/168 finished
Chunk 20/168 finished
Chunk 21/168 finished
Chunk 22/168 finished
Chunk 23/168 finished
Chunk 24/168 finished
Chunk 25/168 finished
Chunk 26/168 finished
Chunk 27/168 finished
Chunk 28/168 finished
Chunk 29/168 finished
Chunk 30/168 finished
Chunk 31/168 finished
Chunk 32/168 finished
Chunk 33/168 finished
Chunk 34/168 finished
Chunk 35/168 finished
Chunk 36/168 finished
Chunk 37/168 finished
Chunk 38/168 finished
Chunk 39/168 finished
Chunk 40/168 finished
Chunk 41/168 finished
Chunk 42/168 finished
Chunk 43/168 finished
Chunk 44/168 finished
Chunk 45/168 finished
Chunk 46/168 finished
Chunk 47/168 finished
Chunk 48/168 finished
Chunk 49/168 finished
Chunk 50/168 finished
Chunk 51/168 finished
Chunk 52/168 finished
Chunk 53/168 finished
Chunk 54/168 finished
Chunk 55/168 finished
Chunk 56/168 finished
Chunk 57/168 finished
Chunk 58/168 finished
Chunk 59/168 finished
Chunk 60/168 finished
Chunk 61/168 finished
Chunk 62/168 finished
Chunk 63/168 finished
Chunk 64/168 finished
Chunk 65/168 finished
Chunk 66/168 finished
Chunk 67/168 finished
Chunk 68/168 finished
Chunk 69/168 finished
Chunk 70/168 finished
Chunk 71/168 finished
Chunk 72/168 finished
Chunk 73/168 finished
Chunk 74/168 finished
Chunk 75/168 finished
Chunk 76/168 finished
Chunk 77/168 finished
Chunk 78/168 finished
Chunk 79/168 finished
Chunk 80/168 finished
Chunk 81/168 finished
Chunk 82/168 finished
Chunk 83/168 finished
Chunk 84/168 finished
Chunk 85/168 finished
Chunk 86/168 finished
Chunk 87/168 finished
Chunk 88/168 finished
Chunk 89/168 finished
Chunk 90/168 finished
Chunk 91/168 finished
Chunk 92/168 finished
Chunk 93/168 finished
Chunk 94/168 finished
Chunk 95/168 finished
Chunk 96/168 finished
Chunk 97/168 finished
Chunk 98/168 finished
Chunk 99/168 finished
Chunk 100/168 finished
Chunk 101/168 finished
Chunk 102/168 finished
Chunk 103/168 finished
Chunk 104/168 finished
Chunk 105/168 finished
Chunk 106/168 finished
Chunk 107/168 finished
Chunk 108/168 finished
Chunk 109/168 finished
Chunk 110/168 finished
Chunk 111/168 finished
Chunk 112/168 finished
Chunk 113/168 finished
Chunk 114/168 finished
Chunk 115/168 finished
Chunk 116/168 finished
Chunk 117/168 finished
Chunk 118/168 finished
Chunk 119/168 finished
Chunk 120/168 finished
Chunk 121/168 finished
Chunk 122/168 finished
Chunk 123/168 finished
Chunk 124/168 finished
Chunk 125/168 finished
Chunk 126/168 finished
Chunk 127/168 finished
Chunk 128/168 finished
Chunk 129/168 finished
Chunk 130/168 finished
Chunk 131/168 finished
Chunk 132/168 finished
Chunk 133/168 finished
Chunk 134/168 finished
Chunk 135/168 finished
Chunk 136/168 finished
Chunk 137/168 finished
Chunk 138/168 finished
Chunk 139/168 finished
Chunk 140/168 finished
Chunk 141/168 finished
Chunk 142/168 finished
Chunk 143/168 finished
Chunk 144/168 finished
Chunk 145/168 finished
Chunk 146/168 finished
Chunk 147/168 finished
Chunk 148/168 finished
Chunk 149/168 finished
Chunk 150/168 finished
Chunk 151/168 finished
Chunk 152/168 finished
Chunk 153/168 finished
Chunk 154/168 finished
Chunk 155/168 finished
Chunk 156/168 finished
Chunk 157/168 finished
Chunk 158/168 finished
Chunk 159/168 finished
Chunk 160/168 finished
Chunk 161/168 finished
Chunk 162/168 finished
Chunk 163/168 finished
Chunk 164/168 finished
Chunk 165/168 finished
Chunk 166/168 finished
Chunk 167/168 finished
The average WAPE is 42.38798141479492 for Experiment: heating_12h, model: Models.TCN, horizon: short-term, component: Components.ALL, segment: off, prediction horizon: 1800, input_size: 1800, stride: 15
The average RMSE is 0.2909344732761383 for Experiment: heating_12h, model: Models.TCN, horizon: short-term, component: Components.ALL, segment: off, prediction horizon: 1800, input_size: 1800, stride: 15
The average MAE is 0.23613089323043823 for Experiment: heating_12h, model: Models.TCN, horizon: short-term, component: Components.ALL, segment: off, prediction horizon: 1800, input_size: 1800, stride: 15
Validating with 77 and 98 done: 0.2909344732761383.
Trained and saved prediction model to ./models_tmp/LightGBM_gridsearch_training_l77_u99_heating_12h_0_Models.TCN_1800_15_1800_False.pkl
Current prediction at 77 99
Chunk 0/168 finished
Chunk 1/168 finished
Chunk 2/168 finished
Chunk 3/168 finished
Chunk 4/168 finished
Chunk 5/168 finished
Chunk 6/168 finished
Chunk 7/168 finished
Chunk 8/168 finished
Chunk 9/168 finished
Chunk 10/168 finished
Chunk 11/168 finished
Chunk 12/168 finished
Chunk 13/168 finished
Chunk 14/168 finished
Chunk 15/168 finished
Chunk 16/168 finished
Chunk 17/168 finished
Chunk 18/168 finished
Chunk 19/168 finished
Chunk 20/168 finished
Chunk 21/168 finished
Chunk 22/168 finished
Chunk 23/168 finished
Chunk 24/168 finished
Chunk 25/168 finished
Chunk 26/168 finished
Chunk 27/168 finished
Chunk 28/168 finished
Chunk 29/168 finished
Chunk 30/168 finished
Chunk 31/168 finished
Chunk 32/168 finished
Chunk 33/168 finished
Chunk 34/168 finished
Chunk 35/168 finished
Chunk 36/168 finished
Chunk 37/168 finished
Chunk 38/168 finished
Chunk 39/168 finished
Chunk 40/168 finished
Chunk 41/168 finished
Chunk 42/168 finished
Chunk 43/168 finished
Chunk 44/168 finished
Chunk 45/168 finished
Chunk 46/168 finished
Chunk 47/168 finished
Chunk 48/168 finished
Chunk 49/168 finished
Chunk 50/168 finished
Chunk 51/168 finished
Chunk 52/168 finished
Chunk 53/168 finished
Chunk 54/168 finished
Chunk 55/168 finished
Chunk 56/168 finished
Chunk 57/168 finished
Chunk 58/168 finished
Chunk 59/168 finished
Chunk 60/168 finished
Chunk 61/168 finished
Chunk 62/168 finished
Chunk 63/168 finished
Chunk 64/168 finished
Chunk 65/168 finished
Chunk 66/168 finished
Chunk 67/168 finished
Chunk 68/168 finished
Chunk 69/168 finished
Chunk 70/168 finished
Chunk 71/168 finished
Chunk 72/168 finished
Chunk 73/168 finished
Chunk 74/168 finished
Chunk 75/168 finished
Chunk 76/168 finished
Chunk 77/168 finished
Chunk 78/168 finished
Chunk 79/168 finished
Chunk 80/168 finished
Chunk 81/168 finished
Chunk 82/168 finished
Chunk 83/168 finished
Chunk 84/168 finished
Chunk 85/168 finished
Chunk 86/168 finished
Chunk 87/168 finished
Chunk 88/168 finished
Chunk 89/168 finished
Chunk 90/168 finished
Chunk 91/168 finished
Chunk 92/168 finished
Chunk 93/168 finished
Chunk 94/168 finished
Chunk 95/168 finished
Chunk 96/168 finished
Chunk 97/168 finished
Chunk 98/168 finished
Chunk 99/168 finished
Chunk 100/168 finished
Chunk 101/168 finished
Chunk 102/168 finished
Chunk 103/168 finished
Chunk 104/168 finished
Chunk 105/168 finished
Chunk 106/168 finished
Chunk 107/168 finished
Chunk 108/168 finished
Chunk 109/168 finished
Chunk 110/168 finished
Chunk 111/168 finished
Chunk 112/168 finished
Chunk 113/168 finished
Chunk 114/168 finished
Chunk 115/168 finished
Chunk 116/168 finished
Chunk 117/168 finished
Chunk 118/168 finished
Chunk 119/168 finished
Chunk 120/168 finished
Chunk 121/168 finished
Chunk 122/168 finished
Chunk 123/168 finished
Chunk 124/168 finished
Chunk 125/168 finished
Chunk 126/168 finished
Chunk 127/168 finished
Chunk 128/168 finished
Chunk 129/168 finished
Chunk 130/168 finished
Chunk 131/168 finished
Chunk 132/168 finished
Chunk 133/168 finished
Chunk 134/168 finished
Chunk 135/168 finished
Chunk 136/168 finished
Chunk 137/168 finished
Chunk 138/168 finished
Chunk 139/168 finished
Chunk 140/168 finished
Chunk 141/168 finished
Chunk 142/168 finished
Chunk 143/168 finished
Chunk 144/168 finished
Chunk 145/168 finished
Chunk 146/168 finished
Chunk 147/168 finished
Chunk 148/168 finished
Chunk 149/168 finished
Chunk 150/168 finished
Chunk 151/168 finished
Chunk 152/168 finished
Chunk 153/168 finished
Chunk 154/168 finished
Chunk 155/168 finished
Chunk 156/168 finished
Chunk 157/168 finished
Chunk 158/168 finished
Chunk 159/168 finished
Chunk 160/168 finished
Chunk 161/168 finished
Chunk 162/168 finished
Chunk 163/168 finished
Chunk 164/168 finished
Chunk 165/168 finished
Chunk 166/168 finished
Chunk 167/168 finished
The average WAPE is 41.05106735229492 for Experiment: heating_12h, model: Models.TCN, horizon: short-term, component: Components.ALL, segment: off, prediction horizon: 1800, input_size: 1800, stride: 15
The average RMSE is 0.2809230387210846 for Experiment: heating_12h, model: Models.TCN, horizon: short-term, component: Components.ALL, segment: off, prediction horizon: 1800, input_size: 1800, stride: 15
The average MAE is 0.22867566347122192 for Experiment: heating_12h, model: Models.TCN, horizon: short-term, component: Components.ALL, segment: off, prediction horizon: 1800, input_size: 1800, stride: 15
Validating with 77 and 99 done: 0.2809230387210846.
Trained and saved prediction model to ./models_tmp/LightGBM_gridsearch_training_l78_u98_heating_12h_0_Models.TCN_1800_15_1800_False.pkl
Current prediction at 78 98
Chunk 0/168 finished
Chunk 1/168 finished
Chunk 2/168 finished
Chunk 3/168 finished
Chunk 4/168 finished
Chunk 5/168 finished
Chunk 6/168 finished
Chunk 7/168 finished
Chunk 8/168 finished
Chunk 9/168 finished
Chunk 10/168 finished
Chunk 11/168 finished
Chunk 12/168 finished
Chunk 13/168 finished
Chunk 14/168 finished
Chunk 15/168 finished
Chunk 16/168 finished
Chunk 17/168 finished
Chunk 18/168 finished
Chunk 19/168 finished
Chunk 20/168 finished
Chunk 21/168 finished
Chunk 22/168 finished
Chunk 23/168 finished
Chunk 24/168 finished
Chunk 25/168 finished
Chunk 26/168 finished
Chunk 27/168 finished
Chunk 28/168 finished
Chunk 29/168 finished
Chunk 30/168 finished
Chunk 31/168 finished
Chunk 32/168 finished
Chunk 33/168 finished
Chunk 34/168 finished
Chunk 35/168 finished
Chunk 36/168 finished
Chunk 37/168 finished
Chunk 38/168 finished
Chunk 39/168 finished
Chunk 40/168 finished
Chunk 41/168 finished
Chunk 42/168 finished
Chunk 43/168 finished
Chunk 44/168 finished
Chunk 45/168 finished
Chunk 46/168 finished
Chunk 47/168 finished
Chunk 48/168 finished
Chunk 49/168 finished
Chunk 50/168 finished
Chunk 51/168 finished
Chunk 52/168 finished
Chunk 53/168 finished
Chunk 54/168 finished
Chunk 55/168 finished
Chunk 56/168 finished
Chunk 57/168 finished
Chunk 58/168 finished
Chunk 59/168 finished
Chunk 60/168 finished
Chunk 61/168 finished
Chunk 62/168 finished
Chunk 63/168 finished
Chunk 64/168 finished
Chunk 65/168 finished
Chunk 66/168 finished
Chunk 67/168 finished
Chunk 68/168 finished
Chunk 69/168 finished
Chunk 70/168 finished
Chunk 71/168 finished
Chunk 72/168 finished
Chunk 73/168 finished
Chunk 74/168 finished
Chunk 75/168 finished
Chunk 76/168 finished
Chunk 77/168 finished
Chunk 78/168 finished
Chunk 79/168 finished
Chunk 80/168 finished
Chunk 81/168 finished
Chunk 82/168 finished
Chunk 83/168 finished
Chunk 84/168 finished
Chunk 85/168 finished
Chunk 86/168 finished
Chunk 87/168 finished
Chunk 88/168 finished
Chunk 89/168 finished
Chunk 90/168 finished
Chunk 91/168 finished
Chunk 92/168 finished
Chunk 93/168 finished
Chunk 94/168 finished
Chunk 95/168 finished
Chunk 96/168 finished
Chunk 97/168 finished
Chunk 98/168 finished
Chunk 99/168 finished
Chunk 100/168 finished
Chunk 101/168 finished
Chunk 102/168 finished
Chunk 103/168 finished
Chunk 104/168 finished
Chunk 105/168 finished
Chunk 106/168 finished
Chunk 107/168 finished
Chunk 108/168 finished
Chunk 109/168 finished
Chunk 110/168 finished
Chunk 111/168 finished
Chunk 112/168 finished
Chunk 113/168 finished
Chunk 114/168 finished
Chunk 115/168 finished
Chunk 116/168 finished
Chunk 117/168 finished
Chunk 118/168 finished
Chunk 119/168 finished
Chunk 120/168 finished
Chunk 121/168 finished
Chunk 122/168 finished
Chunk 123/168 finished
Chunk 124/168 finished
Chunk 125/168 finished
Chunk 126/168 finished
Chunk 127/168 finished
Chunk 128/168 finished
Chunk 129/168 finished
Chunk 130/168 finished
Chunk 131/168 finished
Chunk 132/168 finished
Chunk 133/168 finished
Chunk 134/168 finished
Chunk 135/168 finished
Chunk 136/168 finished
Chunk 137/168 finished
Chunk 138/168 finished
Chunk 139/168 finished
Chunk 140/168 finished
Chunk 141/168 finished
Chunk 142/168 finished
Chunk 143/168 finished
Chunk 144/168 finished
Chunk 145/168 finished
Chunk 146/168 finished
Chunk 147/168 finished
Chunk 148/168 finished
Chunk 149/168 finished
Chunk 150/168 finished
Chunk 151/168 finished
Chunk 152/168 finished
Chunk 153/168 finished
Chunk 154/168 finished
Chunk 155/168 finished
Chunk 156/168 finished
Chunk 157/168 finished
Chunk 158/168 finished
Chunk 159/168 finished
Chunk 160/168 finished
Chunk 161/168 finished
Chunk 162/168 finished
Chunk 163/168 finished
Chunk 164/168 finished
Chunk 165/168 finished
Chunk 166/168 finished
Chunk 167/168 finished
The average WAPE is 46.539886474609375 for Experiment: heating_12h, model: Models.TCN, horizon: short-term, component: Components.ALL, segment: off, prediction horizon: 1800, input_size: 1800, stride: 15
The average RMSE is 0.31832319498062134 for Experiment: heating_12h, model: Models.TCN, horizon: short-term, component: Components.ALL, segment: off, prediction horizon: 1800, input_size: 1800, stride: 15
The average MAE is 0.2592667043209076 for Experiment: heating_12h, model: Models.TCN, horizon: short-term, component: Components.ALL, segment: off, prediction horizon: 1800, input_size: 1800, stride: 15
Validating with 78 and 98 done: 0.31832319498062134.
Trained and saved prediction model to ./models_tmp/LightGBM_gridsearch_training_l78_u99_heating_12h_0_Models.TCN_1800_15_1800_False.pkl
Current prediction at 78 99
Chunk 0/168 finished
Chunk 1/168 finished
Chunk 2/168 finished
Chunk 3/168 finished
Chunk 4/168 finished
Chunk 5/168 finished
Chunk 6/168 finished
Chunk 7/168 finished
Chunk 8/168 finished
Chunk 9/168 finished
Chunk 10/168 finished
Chunk 11/168 finished
Chunk 12/168 finished
Chunk 13/168 finished
Chunk 14/168 finished
Chunk 15/168 finished
Chunk 16/168 finished
Chunk 17/168 finished
Chunk 18/168 finished
Chunk 19/168 finished
Chunk 20/168 finished
Chunk 21/168 finished
Chunk 22/168 finished
Chunk 23/168 finished
Chunk 24/168 finished
Chunk 25/168 finished
Chunk 26/168 finished
Chunk 27/168 finished
Chunk 28/168 finished
Chunk 29/168 finished
Chunk 30/168 finished
Chunk 31/168 finished
Chunk 32/168 finished
Chunk 33/168 finished
Chunk 34/168 finished
Chunk 35/168 finished
Chunk 36/168 finished
Chunk 37/168 finished
Chunk 38/168 finished
Chunk 39/168 finished
Chunk 40/168 finished
Chunk 41/168 finished
Chunk 42/168 finished
Chunk 43/168 finished
Chunk 44/168 finished
Chunk 45/168 finished
Chunk 46/168 finished
Chunk 47/168 finished
Chunk 48/168 finished
Chunk 49/168 finished
Chunk 50/168 finished
Chunk 51/168 finished
Chunk 52/168 finished
Chunk 53/168 finished
Chunk 54/168 finished
Chunk 55/168 finished
Chunk 56/168 finished
Chunk 57/168 finished
Chunk 58/168 finished
Chunk 59/168 finished
Chunk 60/168 finished
Chunk 61/168 finished
Chunk 62/168 finished
Chunk 63/168 finished
Chunk 64/168 finished
Chunk 65/168 finished
Chunk 66/168 finished
Chunk 67/168 finished
Chunk 68/168 finished
Chunk 69/168 finished
Chunk 70/168 finished
Chunk 71/168 finished
Chunk 72/168 finished
Chunk 73/168 finished
Chunk 74/168 finished
Chunk 75/168 finished
Chunk 76/168 finished
Chunk 77/168 finished
Chunk 78/168 finished
Chunk 79/168 finished
Chunk 80/168 finished
Chunk 81/168 finished
Chunk 82/168 finished
Chunk 83/168 finished
Chunk 84/168 finished
Chunk 85/168 finished
Chunk 86/168 finished
Chunk 87/168 finished
Chunk 88/168 finished
Chunk 89/168 finished
Chunk 90/168 finished
Chunk 91/168 finished
Chunk 92/168 finished
Chunk 93/168 finished
Chunk 94/168 finished
Chunk 95/168 finished
Chunk 96/168 finished
Chunk 97/168 finished
Chunk 98/168 finished
Chunk 99/168 finished
Chunk 100/168 finished
Chunk 101/168 finished
Chunk 102/168 finished
Chunk 103/168 finished
Chunk 104/168 finished
Chunk 105/168 finished
Chunk 106/168 finished
Chunk 107/168 finished
Chunk 108/168 finished
Chunk 109/168 finished
Chunk 110/168 finished
Chunk 111/168 finished
Chunk 112/168 finished
Chunk 113/168 finished
Chunk 114/168 finished
Chunk 115/168 finished
Chunk 116/168 finished
Chunk 117/168 finished
Chunk 118/168 finished
Chunk 119/168 finished
Chunk 120/168 finished
Chunk 121/168 finished
Chunk 122/168 finished
Chunk 123/168 finished
Chunk 124/168 finished
Chunk 125/168 finished
Chunk 126/168 finished
Chunk 127/168 finished
Chunk 128/168 finished
Chunk 129/168 finished
Chunk 130/168 finished
Chunk 131/168 finished
Chunk 132/168 finished
Chunk 133/168 finished
Chunk 134/168 finished
Chunk 135/168 finished
Chunk 136/168 finished
Chunk 137/168 finished
Chunk 138/168 finished
Chunk 139/168 finished
Chunk 140/168 finished
Chunk 141/168 finished
Chunk 142/168 finished
Chunk 143/168 finished
Chunk 144/168 finished
Chunk 145/168 finished
Chunk 146/168 finished
Chunk 147/168 finished
Chunk 148/168 finished
Chunk 149/168 finished
Chunk 150/168 finished
Chunk 151/168 finished
Chunk 152/168 finished
Chunk 153/168 finished
Chunk 154/168 finished
Chunk 155/168 finished
Chunk 156/168 finished
Chunk 157/168 finished
Chunk 158/168 finished
Chunk 159/168 finished
Chunk 160/168 finished
Chunk 161/168 finished
Chunk 162/168 finished
Chunk 163/168 finished
Chunk 164/168 finished
Chunk 165/168 finished
Chunk 166/168 finished
Chunk 167/168 finished
The average WAPE is 53.409820556640625 for Experiment: heating_12h, model: Models.TCN, horizon: short-term, component: Components.ALL, segment: off, prediction horizon: 1800, input_size: 1800, stride: 15
The average RMSE is 0.3681205213069916 for Experiment: heating_12h, model: Models.TCN, horizon: short-term, component: Components.ALL, segment: off, prediction horizon: 1800, input_size: 1800, stride: 15
The average MAE is 0.2975282371044159 for Experiment: heating_12h, model: Models.TCN, horizon: short-term, component: Components.ALL, segment: off, prediction horizon: 1800, input_size: 1800, stride: 15
Validating with 78 and 99 done: 0.3681205213069916.
Gridsearch progress: 4/4 | Best so far: 0.2809
Start: 2026-03-07 11:01:43.155828
End: 2026-03-08 12:19:22.133459
Runtime: 1 day, 1:17:38.977631
Best upper lower
Lower bound: 77
Upper bound: 99
Validation RMSE: 0.2809230387210846
