Loaded latest intermediate JSON from 2026-03-04 16:44:15.887365
Sanity checking run: ForecastConfig(exp='heating_12h', model_type=<Models.LightGBM: 'LightGBM'>, st_lt=<Horizon.ST: 'short-term'>, sensor_prefix='sensor_', mode_prefix='mode_', diff_prefix='t_since_obs', mode_component=['mode_heat']) 2026-01-15 13:58:28 2026-01-15 22:22:26 <Second>
CUDA available: True and loading not only weights: False
Consistency check. Sim: True, Train boundaries: True, mode 0.0, and tp TrainPredictConfig(component=<Components.ALL: 'all'>, fold=0, bundle_file='./data/heating_12h/fold0.pkl', prediction_horizon=300, prediction_stride=15, input_size=300, gs=False, sim=True, train_boundaries=True, lower_vals=[76, 77, 78, 79, 80, 81, 82], upper_vals=[96, 97, 98, 99, 100], lower=None, upper=None, actual_boundaries=[80, 100], segmentation=<Segmentation.OFF: 'off'>, multi=False)
./tmp/heating_12h_0_Models.LightGBM_300_15_300_0.0.out
Total seconds: 720.734435
Extracted from gridsearch: Lower=81.0, Upper=96.0, RMSE=0.19681672755204052
Finished training for heating_12h Models.LightGBM short-term all 0.0 training time 0 days 00:12:00.734435...

CUDA available: True and loading not only weights: False
Consistency check. Sim: True, Train boundaries: True, mode 0.0, and tp TrainPredictConfig(component=<Components.ALL: 'all'>, fold=0, bundle_file='./data/heating_12h/fold0.pkl', prediction_horizon=300, prediction_stride=15, input_size=900, gs=False, sim=True, train_boundaries=True, lower_vals=[76, 77, 78, 79, 80, 81, 82], upper_vals=[96, 97, 98, 99, 100], lower=None, upper=None, actual_boundaries=[80, 100], segmentation=<Segmentation.OFF: 'off'>, multi=False)
./tmp/heating_12h_0_Models.LightGBM_300_15_900_0.0.out
Total seconds: 1166.000476
Extracted from gridsearch: Lower=78.0, Upper=99.0, RMSE=0.19214258248821084
Finished training for heating_12h Models.LightGBM short-term all 0.0 training time 0 days 00:19:26.000476...

CUDA available: True and loading not only weights: False
Consistency check. Sim: True, Train boundaries: True, mode 0.0, and tp TrainPredictConfig(component=<Components.ALL: 'all'>, fold=0, bundle_file='./data/heating_12h/fold0.pkl', prediction_horizon=300, prediction_stride=15, input_size=1800, gs=False, sim=True, train_boundaries=True, lower_vals=[76, 77, 78, 79, 80, 81, 82], upper_vals=[96, 97, 98, 99, 100], lower=None, upper=None, actual_boundaries=[80, 100], segmentation=<Segmentation.OFF: 'off'>, multi=False)
./tmp/heating_12h_0_Models.LightGBM_300_15_1800_0.0.out
Total seconds: 2092.915922
Extracted from gridsearch: Lower=81.0, Upper=98.0, RMSE=0.19584672974696282
Finished training for heating_12h Models.LightGBM short-term all 0.0 training time 0 days 00:34:52.915922...

CUDA available: True and loading not only weights: False
CUDA available: True and loading not only weights: False
CUDA available: True and loading not only weights: False
CUDA available: True and loading not only weights: False
Consistency check. Sim: True, Train boundaries: True, mode 0.0, and tp TrainPredictConfig(component=<Components.ALL: 'all'>, fold=0, bundle_file='./data/heating_12h/fold0.pkl', prediction_horizon=1800, prediction_stride=15, input_size=1800, gs=False, sim=True, train_boundaries=True, lower_vals=[76, 77, 78, 79, 80, 81, 82], upper_vals=[96, 97, 98, 99, 100], lower=None, upper=None, actual_boundaries=[80, 100], segmentation=<Segmentation.OFF: 'off'>, multi=False)
./tmp/heating_12h_0_Models.LightGBM_1800_15_1800_0.0.out
Total seconds: 7076.233765
Extracted from gridsearch: Lower=81.0, Upper=96.0, RMSE=0.27602259682945157
Finished training for heating_12h Models.LightGBM short-term all 0.0 training time 0 days 01:57:56.233765...

CUDA available: True and loading not only weights: False
Best model for heating_12h: Segmentation on, Mode 0.0 with Avg RMSE: 0.1968
Best model for heating_12h: Segmentation on, Mode 0.0 with Avg RMSE: 0.1921
Best model for heating_12h: Segmentation on, Mode 0.0 with Avg RMSE: 0.1958
Best model for heating_12h: Segmentation on, Mode 0.0 with Avg RMSE: 0.1968
Best model for heating_12h: Segmentation on, Mode 0.0 with Avg RMSE: 0.1921
Best model for heating_12h: Segmentation on, Mode 0.0 with Avg RMSE: 0.1958
Best model for heating_12h: Segmentation on, Mode 0.0 with Avg RMSE: 0.2760
Best model for heating_12h: Segmentation on, Mode 0.0 with Avg RMSE: 0.2760
Finished ForecastConfig(exp='heating_12h', model_type=<Models.LightGBM: 'LightGBM'>, st_lt=<Horizon.ST: 'short-term'>, sensor_prefix='sensor_', mode_prefix='mode_', diff_prefix='t_since_obs', mode_component=['mode_heat']): produced 8 CPEE configs
Sanity checking run: ForecastConfig(exp='heating_12h', model_type=<Models.LightGBM: 'LightGBM'>, st_lt=<Horizon.LT: 'long-term'>, sensor_prefix='sensor_', mode_prefix='mode_', diff_prefix='t_since_obs', mode_component=['mode_heat']) 2026-01-15 13:58:28 2026-01-15 22:22:26 <Second>
CUDA available: True and loading not only weights: False
CUDA available: True and loading not only weights: False
CUDA available: True and loading not only weights: False
CUDA available: True and loading not only weights: False
CUDA available: True and loading not only weights: False
CUDA available: True and loading not only weights: False
CUDA available: True and loading not only weights: False
CUDA available: True and loading not only weights: False
Finished ForecastConfig(exp='heating_12h', model_type=<Models.LightGBM: 'LightGBM'>, st_lt=<Horizon.LT: 'long-term'>, sensor_prefix='sensor_', mode_prefix='mode_', diff_prefix='t_since_obs', mode_component=['mode_heat']): produced 0 CPEE configs
Sanity checking run: ForecastConfig(exp='heating_12h', model_type=<Models.DLinear: 'DLinear'>, st_lt=<Horizon.ST: 'short-term'>, sensor_prefix='sensor_', mode_prefix='mode_', diff_prefix='t_since_obs', mode_component=['mode_heat']) 2026-01-15 13:58:28 2026-01-15 22:22:26 <Second>
CUDA available: True and loading not only weights: True
Consistency check. Sim: True, Train boundaries: True, mode 0.0, and tp TrainPredictConfig(component=<Components.ALL: 'all'>, fold=0, bundle_file='./data/heating_12h/fold0.pkl', prediction_horizon=300, prediction_stride=15, input_size=300, gs=False, sim=True, train_boundaries=True, lower_vals=[76, 77, 78, 79, 80, 81, 82], upper_vals=[96, 97, 98, 99, 100], lower=None, upper=None, actual_boundaries=[80, 100], segmentation=<Segmentation.OFF: 'off'>, multi=False)
./tmp/heating_12h_0_Models.DLinear_300_15_300_0.0.out
Total seconds: 7446.559523
Extracted from gridsearch: Lower=77.0, Upper=96.0, RMSE=0.19286015629768372
Finished training for heating_12h Models.DLinear short-term all 0.0 training time 0 days 02:04:06.559523...

CUDA available: True and loading not only weights: True
Consistency check. Sim: True, Train boundaries: True, mode 0.0, and tp TrainPredictConfig(component=<Components.ALL: 'all'>, fold=0, bundle_file='./data/heating_12h/fold0.pkl', prediction_horizon=300, prediction_stride=15, input_size=900, gs=False, sim=True, train_boundaries=True, lower_vals=[76, 77, 78, 79, 80, 81, 82], upper_vals=[96, 97, 98, 99, 100], lower=None, upper=None, actual_boundaries=[80, 100], segmentation=<Segmentation.OFF: 'off'>, multi=False)
./tmp/heating_12h_0_Models.DLinear_300_15_900_0.0.out
Total seconds: 7504.311092
Extracted from gridsearch: Lower=77.0, Upper=96.0, RMSE=0.24401308596134186
Finished training for heating_12h Models.DLinear short-term all 0.0 training time 0 days 02:05:04.311092...

CUDA available: True and loading not only weights: True
Consistency check. Sim: True, Train boundaries: True, mode 0.0, and tp TrainPredictConfig(component=<Components.ALL: 'all'>, fold=0, bundle_file='./data/heating_12h/fold0.pkl', prediction_horizon=300, prediction_stride=15, input_size=1800, gs=False, sim=True, train_boundaries=True, lower_vals=[76, 77, 78, 79, 80, 81, 82], upper_vals=[96, 97, 98, 99, 100], lower=None, upper=None, actual_boundaries=[80, 100], segmentation=<Segmentation.OFF: 'off'>, multi=False)
./tmp/heating_12h_0_Models.DLinear_300_15_1800_0.0.out
Total seconds: 10355.312595
Extracted from gridsearch: Lower=76.0, Upper=100.0, RMSE=0.2590680420398712
Finished training for heating_12h Models.DLinear short-term all 0.0 training time 0 days 02:52:35.312595...

CUDA available: True and loading not only weights: True
CUDA available: True and loading not only weights: True
CUDA available: True and loading not only weights: True
CUDA available: True and loading not only weights: True
Consistency check. Sim: True, Train boundaries: True, mode 0.0, and tp TrainPredictConfig(component=<Components.ALL: 'all'>, fold=0, bundle_file='./data/heating_12h/fold0.pkl', prediction_horizon=1800, prediction_stride=15, input_size=1800, gs=False, sim=True, train_boundaries=True, lower_vals=[76, 77, 78, 79, 80, 81, 82], upper_vals=[96, 97, 98, 99, 100], lower=None, upper=None, actual_boundaries=[80, 100], segmentation=<Segmentation.OFF: 'off'>, multi=False)
./tmp/heating_12h_0_Models.DLinear_1800_15_1800_0.0.out
Total seconds: 28217.391903
Extracted from gridsearch: Lower=82.0, Upper=96.0, RMSE=0.3460298180580139
Finished training for heating_12h Models.DLinear short-term all 0.0 training time 0 days 07:50:17.391903...

CUDA available: True and loading not only weights: True
Best model for heating_12h: Segmentation on, Mode 0.0 with Avg RMSE: 0.1929
Best model for heating_12h: Segmentation on, Mode 0.0 with Avg RMSE: 0.2440
Best model for heating_12h: Segmentation on, Mode 0.0 with Avg RMSE: 0.2591
Best model for heating_12h: Segmentation on, Mode 0.0 with Avg RMSE: 0.1929
Best model for heating_12h: Segmentation on, Mode 0.0 with Avg RMSE: 0.2440
Best model for heating_12h: Segmentation on, Mode 0.0 with Avg RMSE: 0.2591
Best model for heating_12h: Segmentation off, Mode None with Avg RMSE: 0.3329
Best model for heating_12h: Segmentation off, Mode None with Avg RMSE: 0.3329
Finished ForecastConfig(exp='heating_12h', model_type=<Models.DLinear: 'DLinear'>, st_lt=<Horizon.ST: 'short-term'>, sensor_prefix='sensor_', mode_prefix='mode_', diff_prefix='t_since_obs', mode_component=['mode_heat']): produced 8 CPEE configs
Sanity checking run: ForecastConfig(exp='heating_12h', model_type=<Models.DLinear: 'DLinear'>, st_lt=<Horizon.LT: 'long-term'>, sensor_prefix='sensor_', mode_prefix='mode_', diff_prefix='t_since_obs', mode_component=['mode_heat']) 2026-01-15 13:58:28 2026-01-15 22:22:26 <Second>
CUDA available: True and loading not only weights: True
CUDA available: True and loading not only weights: True
CUDA available: True and loading not only weights: True
CUDA available: True and loading not only weights: True
CUDA available: True and loading not only weights: True
CUDA available: True and loading not only weights: True
CUDA available: True and loading not only weights: True
CUDA available: True and loading not only weights: True
Finished ForecastConfig(exp='heating_12h', model_type=<Models.DLinear: 'DLinear'>, st_lt=<Horizon.LT: 'long-term'>, sensor_prefix='sensor_', mode_prefix='mode_', diff_prefix='t_since_obs', mode_component=['mode_heat']): produced 0 CPEE configs
Sanity checking run: ForecastConfig(exp='heating_12h', model_type=<Models.TCN: 'FEDFormer'>, st_lt=<Horizon.ST: 'short-term'>, sensor_prefix='sensor_', mode_prefix='mode_', diff_prefix='t_since_obs', mode_component=['mode_heat']) 2026-01-15 13:58:28 2026-01-15 22:22:26 <Second>
CUDA available: True and loading not only weights: True
Consistency check. Sim: True, Train boundaries: True, mode 0.0, and tp TrainPredictConfig(component=<Components.ALL: 'all'>, fold=0, bundle_file='./data/heating_12h/fold0.pkl', prediction_horizon=300, prediction_stride=15, input_size=300, gs=False, sim=True, train_boundaries=True, lower_vals=[76, 77, 78, 79, 80, 81, 82], upper_vals=[96, 97, 98, 99, 100], lower=None, upper=None, actual_boundaries=[80, 100], segmentation=<Segmentation.OFF: 'off'>, multi=False)
./tmp/heating_12h_0_Models.TCN_300_15_300_0.0.out
Total seconds: 12031.691121
Extracted from gridsearch: Lower=82.0, Upper=99.0, RMSE=0.2076084166765213
Finished training for heating_12h Models.TCN short-term all 0.0 training time 0 days 03:20:31.691121...

CUDA available: True and loading not only weights: True
Consistency check. Sim: True, Train boundaries: True, mode 0.0, and tp TrainPredictConfig(component=<Components.ALL: 'all'>, fold=0, bundle_file='./data/heating_12h/fold0.pkl', prediction_horizon=300, prediction_stride=15, input_size=900, gs=False, sim=True, train_boundaries=True, lower_vals=[76, 77, 78, 79, 80, 81, 82], upper_vals=[96, 97, 98, 99, 100], lower=None, upper=None, actual_boundaries=[80, 100], segmentation=<Segmentation.OFF: 'off'>, multi=False)
./tmp/heating_12h_0_Models.TCN_300_15_900_0.0.out
Extracted from gridsearch: Lower=78.0, Upper=99.0, RMSE=0.1882123351097107
Finished training for heating_12h Models.TCN short-term all 0.0 training time ...

CUDA available: True and loading not only weights: True
Consistency check. Sim: True, Train boundaries: True, mode 0.0, and tp TrainPredictConfig(component=<Components.ALL: 'all'>, fold=0, bundle_file='./data/heating_12h/fold0.pkl', prediction_horizon=300, prediction_stride=15, input_size=1800, gs=False, sim=True, train_boundaries=True, lower_vals=[76, 77, 78, 79, 80, 81, 82], upper_vals=[96, 97, 98, 99, 100], lower=None, upper=None, actual_boundaries=[80, 100], segmentation=<Segmentation.OFF: 'off'>, multi=False)
./tmp/heating_12h_0_Models.TCN_300_15_1800_0.0.out
Running with eyJleHAiOiAiaGVhdGluZ18xMmgiLCAibW9kZWxfdHlwZSI6ICJGRURGb3JtZXIiLCAic3RfbHQiOiAic2hvcnQtdGVybSIsICJzZW5zb3JfcHJlZml4IjogInNlbnNvcl8iLCAibW9kZV9wcmVmaXgiOiAibW9kZV8iLCAiZGlmZl9wcmVmaXgiOiAidF9zaW5jZV9vYnMiLCAibW9kZV9jb21wb25lbnQiOiBbIm1vZGVfaGVhdCJdfQ== eyJjb21wb25lbnQiOiAiYWxsIiwgImZvbGQiOiAwLCAiYnVuZGxlX2ZpbGUiOiAiL2hvbWUvamFuaXMvR2l0L2lvdHByZWRpY3Rpb24vZGF0YS9oZWF0aW5nXzEyaC9mb2xkMC5wa2wiLCAicHJlZGljdGlvbl9ob3Jpem9uIjogMzAwLCAicHJlZGljdGlvbl9zdHJpZGUiOiAxNSwgImlucHV0X3NpemUiOiAxODAwLCAiZ3MiOiBmYWxzZSwgInNpbSI6IHRydWUsICJ0cmFpbl9ib3VuZGFyaWVzIjogdHJ1ZSwgImxvd2VyX3ZhbHMiOiBbNzYsIDc3LCA3OCwgNzksIDgwLCA4MSwgODJdLCAidXBwZXJfdmFscyI6IFs5NiwgOTcsIDk4LCA5OSwgMTAwXSwgImxvd2VyIjogbnVsbCwgInVwcGVyIjogbnVsbCwgImFjdHVhbF9ib3VuZGFyaWVzIjogWzgwLCAxMDBdLCAic2VnbWVudGF0aW9uIjogIm9mZiIsICJtdWx0aSI6IGZhbHNlfQ== eyJzY2FsZV9taW4iOiBbNzUuODYwODc3OTkwNzIyNjZdLCAic2NhbGVfbWF4IjogWzEwMC4wXX0=
Loaded latest intermediate JSON from 2026-03-04 16:44:15.887365
Starting gridsearch for simulated control modes...
Total coarse configurations to evaluate: 35
Lower bounds: [76, 77, 78, 79, 80, 81, 82]
Upper bounds: [96, 97, 98, 99, 100]
Loaded prediction model from ./models_tmp/LightGBM_gridsearch_training_l76_u96_heating_12h_0_Models.TCN_300_15_1800_False.pkl
Current prediction at 76 96
Chunk 0/268 finished
Chunk 1/268 finished
Chunk 2/268 finished
Chunk 3/268 finished
Chunk 4/268 finished
Chunk 5/268 finished
Chunk 6/268 finished
Chunk 7/268 finished
Chunk 8/268 finished
Chunk 9/268 finished
Chunk 10/268 finished
Chunk 11/268 finished
Chunk 12/268 finished
Chunk 13/268 finished
Chunk 14/268 finished
Chunk 15/268 finished
Chunk 16/268 finished
Chunk 17/268 finished
Chunk 18/268 finished
Chunk 19/268 finished
Chunk 20/268 finished
Chunk 21/268 finished
Chunk 22/268 finished
Chunk 23/268 finished
Chunk 24/268 finished
Chunk 25/268 finished
Chunk 26/268 finished
Chunk 27/268 finished
Chunk 28/268 finished
Chunk 29/268 finished
Chunk 30/268 finished
Chunk 31/268 finished
Chunk 32/268 finished
Chunk 33/268 finished
Chunk 34/268 finished
Chunk 35/268 finished
Chunk 36/268 finished
Chunk 37/268 finished
Chunk 38/268 finished
Chunk 39/268 finished
Chunk 40/268 finished
Chunk 41/268 finished
Chunk 42/268 finished
Chunk 43/268 finished
Chunk 44/268 finished
Chunk 45/268 finished
Chunk 46/268 finished
Chunk 47/268 finished
Chunk 48/268 finished
Chunk 49/268 finished
Chunk 50/268 finished
Chunk 51/268 finished
Chunk 52/268 finished
Chunk 53/268 finished
Chunk 54/268 finished
Chunk 55/268 finished
Chunk 56/268 finished
Chunk 57/268 finished
Chunk 58/268 finished
Chunk 59/268 finished
Chunk 60/268 finished
Chunk 61/268 finished
Chunk 62/268 finished
Chunk 63/268 finished
Chunk 64/268 finished
Chunk 65/268 finished
Chunk 66/268 finished
Chunk 67/268 finished
Chunk 68/268 finished
Chunk 69/268 finished
Chunk 70/268 finished
Chunk 71/268 finished
Chunk 72/268 finished
Chunk 73/268 finished
Chunk 74/268 finished
Chunk 75/268 finished
Chunk 76/268 finished
Chunk 77/268 finished
Chunk 78/268 finished
Chunk 79/268 finished
Chunk 80/268 finished
Chunk 81/268 finished
Chunk 82/268 finished
Chunk 83/268 finished
Chunk 84/268 finished
Chunk 85/268 finished
Chunk 86/268 finished
Chunk 87/268 finished
Chunk 88/268 finished
Chunk 89/268 finished
Chunk 90/268 finished
Chunk 91/268 finished
Chunk 92/268 finished
Chunk 93/268 finished
Chunk 94/268 finished
Chunk 95/268 finished
Chunk 96/268 finished
Chunk 97/268 finished
Chunk 98/268 finished
Chunk 99/268 finished
Chunk 100/268 finished
Chunk 101/268 finished
Chunk 102/268 finished
Chunk 103/268 finished
Chunk 104/268 finished
Chunk 105/268 finished
Chunk 106/268 finished
Chunk 107/268 finished
Chunk 108/268 finished
Chunk 109/268 finished
Chunk 110/268 finished
Chunk 111/268 finished
Chunk 112/268 finished
Chunk 113/268 finished
Chunk 114/268 finished
Chunk 115/268 finished
Chunk 116/268 finished
Chunk 117/268 finished
Chunk 118/268 finished
Chunk 119/268 finished
Chunk 120/268 finished
Chunk 121/268 finished
Chunk 122/268 finished
Chunk 123/268 finished
Chunk 124/268 finished
Chunk 125/268 finished
Chunk 126/268 finished
Chunk 127/268 finished
Chunk 128/268 finished
Chunk 129/268 finished
Chunk 130/268 finished
Chunk 131/268 finished
Chunk 132/268 finished
Chunk 133/268 finished
Chunk 134/268 finished
Chunk 135/268 finished
Chunk 136/268 finished
Chunk 137/268 finished
Chunk 138/268 finished
Chunk 139/268 finished
Chunk 140/268 finished
Chunk 141/268 finished
Chunk 142/268 finished
Chunk 143/268 finished
Chunk 144/268 finished
Chunk 145/268 finished
Chunk 146/268 finished
Chunk 147/268 finished
Chunk 148/268 finished
Chunk 149/268 finished
Chunk 150/268 finished
Chunk 151/268 finished
Chunk 152/268 finished
Chunk 153/268 finished
Chunk 154/268 finished
Chunk 155/268 finished
Chunk 156/268 finished
Chunk 157/268 finished
Chunk 158/268 finished
Chunk 159/268 finished
Chunk 160/268 finished
Chunk 161/268 finished
Chunk 162/268 finished
Chunk 163/268 finished
Chunk 164/268 finished
Chunk 165/268 finished
Chunk 166/268 finished
Chunk 167/268 finished
Chunk 168/268 finished
Chunk 169/268 finished
Chunk 170/268 finished
Chunk 171/268 finished
Chunk 172/268 finished
Chunk 173/268 finished
Chunk 174/268 finished
Chunk 175/268 finished
Chunk 176/268 finished
Chunk 177/268 finished
Chunk 178/268 finished
Chunk 179/268 finished
Chunk 180/268 finished
Chunk 181/268 finished
Chunk 182/268 finished
Chunk 183/268 finished
Chunk 184/268 finished
Chunk 185/268 finished
Chunk 186/268 finished
Chunk 187/268 finished
Chunk 188/268 finished
Chunk 189/268 finished
Chunk 190/268 finished
Chunk 191/268 finished
Chunk 192/268 finished
Chunk 193/268 finished
Chunk 194/268 finished
Chunk 195/268 finished
Chunk 196/268 finished
Chunk 197/268 finished
Chunk 198/268 finished
Chunk 199/268 finished
Chunk 200/268 finished
Chunk 201/268 finished
Chunk 202/268 finished
Chunk 203/268 finished
Chunk 204/268 finished
Chunk 205/268 finished
Chunk 206/268 finished
Chunk 207/268 finished
Chunk 208/268 finished
Chunk 209/268 finished
Chunk 210/268 finished
Chunk 211/268 finished
Chunk 212/268 finished
Chunk 213/268 finished
Chunk 214/268 finished
Chunk 215/268 finished
Chunk 216/268 finished
Chunk 217/268 finished
Chunk 218/268 finished
Chunk 219/268 finished
Chunk 220/268 finished
Chunk 221/268 finished
Chunk 222/268 finished
Chunk 223/268 finished
Chunk 224/268 finished
Chunk 225/268 finished
Chunk 226/268 finished
Chunk 227/268 finished
Chunk 228/268 finished
Chunk 229/268 finished
Chunk 230/268 finished
Chunk 231/268 finished
Chunk 232/268 finished
Chunk 233/268 finished
Chunk 234/268 finished
Chunk 235/268 finished
Chunk 236/268 finished
Chunk 237/268 finished
Chunk 238/268 finished
Chunk 239/268 finished
Chunk 240/268 finished
Chunk 241/268 finished
Chunk 242/268 finished
Chunk 243/268 finished
Chunk 244/268 finished
Chunk 245/268 finished
Chunk 246/268 finished
Chunk 247/268 finished
Chunk 248/268 finished
Chunk 249/268 finished
Chunk 250/268 finished
Chunk 251/268 finished
Chunk 252/268 finished
Chunk 253/268 finished
Chunk 254/268 finished
Chunk 255/268 finished
Chunk 256/268 finished
Chunk 257/268 finished
Chunk 258/268 finished
Chunk 259/268 finished
Chunk 260/268 finished
Chunk 261/268 finished
Chunk 262/268 finished
Chunk 263/268 finished
Chunk 264/268 finished
Chunk 265/268 finished
Chunk 266/268 finished
Chunk 267/268 finished
The average WAPE is 30.09747314453125 for Experiment: heating_12h, model: Models.TCN, horizon: short-term, component: Components.ALL, segment: off, prediction horizon: 300, input_size: 1800, stride: 15
The average RMSE is 0.20544780790805817 for Experiment: heating_12h, model: Models.TCN, horizon: short-term, component: Components.ALL, segment: off, prediction horizon: 300, input_size: 1800, stride: 15
The average MAE is 0.1670263260602951 for Experiment: heating_12h, model: Models.TCN, horizon: short-term, component: Components.ALL, segment: off, prediction horizon: 300, input_size: 1800, stride: 15
Validating with 76 and 96 done: 0.20544780790805817.
Trained and saved prediction model to ./models_tmp/LightGBM_gridsearch_training_l76_u97_heating_12h_0_Models.TCN_300_15_1800_False.pkl
Current prediction at 76 97
Chunk 0/268 finished
Chunk 1/268 finished
Chunk 2/268 finished
Chunk 3/268 finished
Chunk 4/268 finished
Chunk 5/268 finished
Chunk 6/268 finished
Chunk 7/268 finished
Chunk 8/268 finished
Chunk 9/268 finished
Chunk 10/268 finished
Chunk 11/268 finished
Chunk 12/268 finished
Chunk 13/268 finished
Chunk 14/268 finished
Chunk 15/268 finished
Chunk 16/268 finished
Chunk 17/268 finished
Chunk 18/268 finished
Chunk 19/268 finished
Chunk 20/268 finished
Chunk 21/268 finished
Chunk 22/268 finished
Chunk 23/268 finished
Chunk 24/268 finished
Chunk 25/268 finished
Chunk 26/268 finished
Chunk 27/268 finished
Chunk 28/268 finished
Chunk 29/268 finished
Chunk 30/268 finished
Chunk 31/268 finished
Chunk 32/268 finished
Chunk 33/268 finished
Chunk 34/268 finished
Chunk 35/268 finished
Chunk 36/268 finished
Chunk 37/268 finished
Chunk 38/268 finished
Chunk 39/268 finished
Chunk 40/268 finished
Chunk 41/268 finished
Chunk 42/268 finished
Chunk 43/268 finished
Chunk 44/268 finished
Chunk 45/268 finished
Chunk 46/268 finished
Chunk 47/268 finished
Chunk 48/268 finished
Chunk 49/268 finished
Chunk 50/268 finished
Chunk 51/268 finished
Chunk 52/268 finished
Chunk 53/268 finished
Chunk 54/268 finished
Chunk 55/268 finished
Chunk 56/268 finished
Chunk 57/268 finished
Chunk 58/268 finished
Chunk 59/268 finished
Chunk 60/268 finished
Chunk 61/268 finished
Chunk 62/268 finished
Chunk 63/268 finished
Chunk 64/268 finished
Chunk 65/268 finished
Chunk 66/268 finished
Chunk 67/268 finished
Chunk 68/268 finished
Chunk 69/268 finished
Chunk 70/268 finished
Chunk 71/268 finished
Chunk 72/268 finished
Chunk 73/268 finished
Chunk 74/268 finished
Chunk 75/268 finished
Chunk 76/268 finished
Chunk 77/268 finished
Chunk 78/268 finished
Chunk 79/268 finished
Chunk 80/268 finished
Chunk 81/268 finished
Chunk 82/268 finished
Chunk 83/268 finished
Chunk 84/268 finished
Chunk 85/268 finished
Chunk 86/268 finished
Chunk 87/268 finished
Chunk 88/268 finished
Chunk 89/268 finished
Chunk 90/268 finished
Chunk 91/268 finished
Chunk 92/268 finished
Chunk 93/268 finished
Chunk 94/268 finished
Chunk 95/268 finished
Chunk 96/268 finished
Chunk 97/268 finished
Chunk 98/268 finished
Chunk 99/268 finished
Chunk 100/268 finished
Chunk 101/268 finished
Chunk 102/268 finished
Chunk 103/268 finished
Chunk 104/268 finished
Chunk 105/268 finished
Chunk 106/268 finished
Chunk 107/268 finished
Chunk 108/268 finished
Chunk 109/268 finished
Chunk 110/268 finished
Chunk 111/268 finished
Chunk 112/268 finished
Chunk 113/268 finished
Chunk 114/268 finished
Chunk 115/268 finished
Chunk 116/268 finished
Chunk 117/268 finished
Chunk 118/268 finished
Chunk 119/268 finished
Chunk 120/268 finished
Chunk 121/268 finished
Chunk 122/268 finished
Chunk 123/268 finished
Chunk 124/268 finished
Chunk 125/268 finished
Chunk 126/268 finished
Chunk 127/268 finished
Chunk 128/268 finished
Chunk 129/268 finished
Chunk 130/268 finished
Chunk 131/268 finished
Chunk 132/268 finished
Chunk 133/268 finished
Chunk 134/268 finished
Chunk 135/268 finished
Chunk 136/268 finished
Chunk 137/268 finished
Chunk 138/268 finished
Chunk 139/268 finished
Chunk 140/268 finished
Chunk 141/268 finished
Chunk 142/268 finished
Chunk 143/268 finished
Chunk 144/268 finished
Chunk 145/268 finished
Chunk 146/268 finished
Chunk 147/268 finished
Chunk 148/268 finished
Chunk 149/268 finished
Chunk 150/268 finished
Chunk 151/268 finished
Chunk 152/268 finished
Chunk 153/268 finished
Chunk 154/268 finished
Chunk 155/268 finished
Chunk 156/268 finished
Chunk 157/268 finished
Chunk 158/268 finished
Chunk 159/268 finished
Chunk 160/268 finished
Chunk 161/268 finished
Chunk 162/268 finished
Chunk 163/268 finished
Chunk 164/268 finished
Chunk 165/268 finished
Chunk 166/268 finished
Chunk 167/268 finished
Chunk 168/268 finished
Chunk 169/268 finished
Chunk 170/268 finished
Chunk 171/268 finished
Chunk 172/268 finished
Chunk 173/268 finished
Chunk 174/268 finished
Chunk 175/268 finished
Chunk 176/268 finished
Chunk 177/268 finished
Chunk 178/268 finished
Chunk 179/268 finished
Chunk 180/268 finished
Chunk 181/268 finished
Chunk 182/268 finished
Chunk 183/268 finished
Chunk 184/268 finished
Chunk 185/268 finished
Chunk 186/268 finished
Chunk 187/268 finished
Chunk 188/268 finished
Chunk 189/268 finished
Chunk 190/268 finished
Chunk 191/268 finished
Chunk 192/268 finished
Chunk 193/268 finished
Chunk 194/268 finished
Chunk 195/268 finished
Chunk 196/268 finished
Chunk 197/268 finished
Chunk 198/268 finished
Chunk 199/268 finished
Chunk 200/268 finished
Chunk 201/268 finished
Chunk 202/268 finished
Chunk 203/268 finished
Chunk 204/268 finished
Chunk 205/268 finished
Chunk 206/268 finished
Chunk 207/268 finished
Chunk 208/268 finished
Chunk 209/268 finished
Chunk 210/268 finished
Chunk 211/268 finished
Chunk 212/268 finished
Chunk 213/268 finished
Chunk 214/268 finished
Chunk 215/268 finished
Chunk 216/268 finished
Chunk 217/268 finished
Chunk 218/268 finished
Chunk 219/268 finished
Chunk 220/268 finished
Chunk 221/268 finished
Chunk 222/268 finished
Chunk 223/268 finished
Chunk 224/268 finished
Chunk 225/268 finished
Chunk 226/268 finished
Chunk 227/268 finished
Chunk 228/268 finished
Chunk 229/268 finished
Chunk 230/268 finished
Chunk 231/268 finished
Chunk 232/268 finished
Chunk 233/268 finished
Chunk 234/268 finished
Chunk 235/268 finished
Chunk 236/268 finished
Chunk 237/268 finished
Chunk 238/268 finished
Chunk 239/268 finished
Chunk 240/268 finished
Chunk 241/268 finished
Chunk 242/268 finished
Chunk 243/268 finished
Chunk 244/268 finished
Chunk 245/268 finished
Chunk 246/268 finished
Chunk 247/268 finished
Chunk 248/268 finished
Chunk 249/268 finished
Chunk 250/268 finished
Chunk 251/268 finished
Chunk 252/268 finished
Chunk 253/268 finished
Chunk 254/268 finished
Chunk 255/268 finished
Chunk 256/268 finished
Chunk 257/268 finished
Chunk 258/268 finished
Chunk 259/268 finished
Chunk 260/268 finished
Chunk 261/268 finished
Chunk 262/268 finished
Chunk 263/268 finished
Chunk 264/268 finished
Chunk 265/268 finished
Chunk 266/268 finished
Chunk 267/268 finished
The average WAPE is 29.322126388549805 for Experiment: heating_12h, model: Models.TCN, horizon: short-term, component: Components.ALL, segment: off, prediction horizon: 300, input_size: 1800, stride: 15
The average RMSE is 0.20082417130470276 for Experiment: heating_12h, model: Models.TCN, horizon: short-term, component: Components.ALL, segment: off, prediction horizon: 300, input_size: 1800, stride: 15
The average MAE is 0.16292543709278107 for Experiment: heating_12h, model: Models.TCN, horizon: short-term, component: Components.ALL, segment: off, prediction horizon: 300, input_size: 1800, stride: 15
Validating with 76 and 97 done: 0.20082417130470276.
Trained and saved prediction model to ./models_tmp/LightGBM_gridsearch_training_l76_u98_heating_12h_0_Models.TCN_300_15_1800_False.pkl
Current prediction at 76 98
Chunk 0/268 finished
Chunk 1/268 finished
Chunk 2/268 finished
Chunk 3/268 finished
Chunk 4/268 finished
Chunk 5/268 finished
Chunk 6/268 finished
Chunk 7/268 finished
Chunk 8/268 finished
Chunk 9/268 finished
Chunk 10/268 finished
Chunk 11/268 finished
Chunk 12/268 finished
Chunk 13/268 finished
Chunk 14/268 finished
Chunk 15/268 finished
Chunk 16/268 finished
Chunk 17/268 finished
Chunk 18/268 finished
Chunk 19/268 finished
Chunk 20/268 finished
Chunk 21/268 finished
Chunk 22/268 finished
Chunk 23/268 finished
Chunk 24/268 finished
Chunk 25/268 finished
Chunk 26/268 finished
Chunk 27/268 finished
Chunk 28/268 finished
Chunk 29/268 finished
Chunk 30/268 finished
Chunk 31/268 finished
Chunk 32/268 finished
Chunk 33/268 finished
Chunk 34/268 finished
Chunk 35/268 finished
Chunk 36/268 finished
Chunk 37/268 finished
Chunk 38/268 finished
Chunk 39/268 finished
Chunk 40/268 finished
Chunk 41/268 finished
Chunk 42/268 finished
Chunk 43/268 finished
Chunk 44/268 finished
Chunk 45/268 finished
Chunk 46/268 finished
Chunk 47/268 finished
Chunk 48/268 finished
Chunk 49/268 finished
Chunk 50/268 finished
Chunk 51/268 finished
Chunk 52/268 finished
Chunk 53/268 finished
Chunk 54/268 finished
Chunk 55/268 finished
Chunk 56/268 finished
Chunk 57/268 finished
Chunk 58/268 finished
Chunk 59/268 finished
Chunk 60/268 finished
Chunk 61/268 finished
Chunk 62/268 finished
Chunk 63/268 finished
Chunk 64/268 finished
Chunk 65/268 finished
Chunk 66/268 finished
Chunk 67/268 finished
Chunk 68/268 finished
Chunk 69/268 finished
Chunk 70/268 finished
Chunk 71/268 finished
Chunk 72/268 finished
Chunk 73/268 finished
Chunk 74/268 finished
Chunk 75/268 finished
Chunk 76/268 finished
Chunk 77/268 finished
Chunk 78/268 finished
Chunk 79/268 finished
Chunk 80/268 finished
Chunk 81/268 finished
Chunk 82/268 finished
Chunk 83/268 finished
Chunk 84/268 finished
Chunk 85/268 finished
Chunk 86/268 finished
Chunk 87/268 finished
Chunk 88/268 finished
Chunk 89/268 finished
Chunk 90/268 finished
Chunk 91/268 finished
Chunk 92/268 finished
Chunk 93/268 finished
Chunk 94/268 finished
Chunk 95/268 finished
Chunk 96/268 finished
Chunk 97/268 finished
Chunk 98/268 finished
Chunk 99/268 finished
Chunk 100/268 finished
Chunk 101/268 finished
Chunk 102/268 finished
Chunk 103/268 finished
Chunk 104/268 finished
Chunk 105/268 finished
Chunk 106/268 finished
Chunk 107/268 finished
Chunk 108/268 finished
Chunk 109/268 finished
Chunk 110/268 finished
Chunk 111/268 finished
Chunk 112/268 finished
Chunk 113/268 finished
Chunk 114/268 finished
Chunk 115/268 finished
Chunk 116/268 finished
Chunk 117/268 finished
Chunk 118/268 finished
Chunk 119/268 finished
Chunk 120/268 finished
Chunk 121/268 finished
Chunk 122/268 finished
Chunk 123/268 finished
Chunk 124/268 finished
Chunk 125/268 finished
Chunk 126/268 finished
Chunk 127/268 finished
Chunk 128/268 finished
Chunk 129/268 finished
Chunk 130/268 finished
Chunk 131/268 finished
Chunk 132/268 finished
Chunk 133/268 finished
Chunk 134/268 finished
Chunk 135/268 finished
Chunk 136/268 finished
Chunk 137/268 finished
Chunk 138/268 finished
Chunk 139/268 finished
Chunk 140/268 finished
Chunk 141/268 finished
Chunk 142/268 finished
Chunk 143/268 finished
Chunk 144/268 finished
Chunk 145/268 finished
Chunk 146/268 finished
Chunk 147/268 finished
Chunk 148/268 finished
Chunk 149/268 finished
Chunk 150/268 finished
Chunk 151/268 finished
Chunk 152/268 finished
Chunk 153/268 finished
Chunk 154/268 finished
Chunk 155/268 finished
Chunk 156/268 finished
Chunk 157/268 finished
Chunk 158/268 finished
Chunk 159/268 finished
Chunk 160/268 finished
Chunk 161/268 finished
Chunk 162/268 finished
Chunk 163/268 finished
Chunk 164/268 finished
Chunk 165/268 finished
Chunk 166/268 finished
Chunk 167/268 finished
Chunk 168/268 finished
Chunk 169/268 finished
Chunk 170/268 finished
Chunk 171/268 finished
Chunk 172/268 finished
Chunk 173/268 finished
Chunk 174/268 finished
Chunk 175/268 finished
Chunk 176/268 finished
Chunk 177/268 finished
Chunk 178/268 finished
Chunk 179/268 finished
Chunk 180/268 finished
Chunk 181/268 finished
Chunk 182/268 finished
Chunk 183/268 finished
Chunk 184/268 finished
Chunk 185/268 finished
Chunk 186/268 finished
Chunk 187/268 finished
Chunk 188/268 finished
Chunk 189/268 finished
Chunk 190/268 finished
Chunk 191/268 finished
Chunk 192/268 finished
Chunk 193/268 finished
Chunk 194/268 finished
Chunk 195/268 finished
Chunk 196/268 finished
Chunk 197/268 finished
Chunk 198/268 finished
Chunk 199/268 finished
Chunk 200/268 finished
Chunk 201/268 finished
Chunk 202/268 finished
Chunk 203/268 finished
Chunk 204/268 finished
Chunk 205/268 finished
Chunk 206/268 finished
Chunk 207/268 finished
Chunk 208/268 finished
Chunk 209/268 finished
Chunk 210/268 finished
Chunk 211/268 finished
Chunk 212/268 finished
Chunk 213/268 finished
Chunk 214/268 finished
Chunk 215/268 finished
Chunk 216/268 finished
Chunk 217/268 finished
Chunk 218/268 finished
Chunk 219/268 finished
Chunk 220/268 finished
Chunk 221/268 finished
Chunk 222/268 finished
Chunk 223/268 finished
Chunk 224/268 finished
Chunk 225/268 finished
Chunk 226/268 finished
Chunk 227/268 finished
Chunk 228/268 finished
Chunk 229/268 finished
Chunk 230/268 finished
Chunk 231/268 finished
Chunk 232/268 finished
Chunk 233/268 finished
Chunk 234/268 finished
Chunk 235/268 finished
Chunk 236/268 finished
Chunk 237/268 finished
Chunk 238/268 finished
Chunk 239/268 finished
Chunk 240/268 finished
Chunk 241/268 finished
Chunk 242/268 finished
Chunk 243/268 finished
Chunk 244/268 finished
Chunk 245/268 finished
Chunk 246/268 finished
Chunk 247/268 finished
Chunk 248/268 finished
Chunk 249/268 finished
Chunk 250/268 finished
Chunk 251/268 finished
Chunk 252/268 finished
Chunk 253/268 finished
Chunk 254/268 finished
Chunk 255/268 finished
Chunk 256/268 finished
Chunk 257/268 finished
Chunk 258/268 finished
Chunk 259/268 finished
Chunk 260/268 finished
Chunk 261/268 finished
Chunk 262/268 finished
Chunk 263/268 finished
Chunk 264/268 finished
Chunk 265/268 finished
Chunk 266/268 finished
Chunk 267/268 finished
The average WAPE is 29.996318817138672 for Experiment: heating_12h, model: Models.TCN, horizon: short-term, component: Components.ALL, segment: off, prediction horizon: 300, input_size: 1800, stride: 15
The average RMSE is 0.205287903547287 for Experiment: heating_12h, model: Models.TCN, horizon: short-term, component: Components.ALL, segment: off, prediction horizon: 300, input_size: 1800, stride: 15
The average MAE is 0.1662445068359375 for Experiment: heating_12h, model: Models.TCN, horizon: short-term, component: Components.ALL, segment: off, prediction horizon: 300, input_size: 1800, stride: 15
Validating with 76 and 98 done: 0.205287903547287.
Trained and saved prediction model to ./models_tmp/LightGBM_gridsearch_training_l76_u99_heating_12h_0_Models.TCN_300_15_1800_False.pkl
Current prediction at 76 99
Chunk 0/268 finished
Chunk 1/268 finished
Chunk 2/268 finished
Chunk 3/268 finished
Chunk 4/268 finished
Chunk 5/268 finished
Chunk 6/268 finished
Chunk 7/268 finished
Chunk 8/268 finished
Chunk 9/268 finished
Chunk 10/268 finished
Chunk 11/268 finished
Chunk 12/268 finished
Chunk 13/268 finished
Chunk 14/268 finished
Chunk 15/268 finished
Chunk 16/268 finished
Chunk 17/268 finished
Chunk 18/268 finished
Chunk 19/268 finished
Chunk 20/268 finished
Chunk 21/268 finished
Chunk 22/268 finished
Chunk 23/268 finished
Chunk 24/268 finished
Chunk 25/268 finished
Chunk 26/268 finished
Chunk 27/268 finished
Chunk 28/268 finished
Chunk 29/268 finished
Chunk 30/268 finished
Chunk 31/268 finished
Chunk 32/268 finished
Chunk 33/268 finished
Chunk 34/268 finished
Chunk 35/268 finished
Chunk 36/268 finished
Chunk 37/268 finished
Chunk 38/268 finished
Chunk 39/268 finished
Chunk 40/268 finished
Chunk 41/268 finished
Chunk 42/268 finished
Chunk 43/268 finished
Chunk 44/268 finished
Chunk 45/268 finished
Chunk 46/268 finished
Chunk 47/268 finished
Chunk 48/268 finished
Chunk 49/268 finished
Chunk 50/268 finished
Chunk 51/268 finished
Chunk 52/268 finished
Chunk 53/268 finished
Chunk 54/268 finished
Chunk 55/268 finished
Chunk 56/268 finished
Chunk 57/268 finished
Chunk 58/268 finished
Chunk 59/268 finished
Chunk 60/268 finished
Chunk 61/268 finished
Chunk 62/268 finished
Chunk 63/268 finished
Chunk 64/268 finished
Chunk 65/268 finished
Chunk 66/268 finished
Chunk 67/268 finished
Chunk 68/268 finished
Chunk 69/268 finished
Chunk 70/268 finished
Chunk 71/268 finished
Chunk 72/268 finished
Chunk 73/268 finished
Chunk 74/268 finished
Chunk 75/268 finished
Chunk 76/268 finished
Chunk 77/268 finished
Chunk 78/268 finished
Chunk 79/268 finished
Chunk 80/268 finished
Chunk 81/268 finished
Chunk 82/268 finished
Chunk 83/268 finished
Chunk 84/268 finished
Chunk 85/268 finished
Chunk 86/268 finished
Chunk 87/268 finished
Chunk 88/268 finished
Chunk 89/268 finished
Chunk 90/268 finished
Chunk 91/268 finished
Chunk 92/268 finished
Chunk 93/268 finished
Chunk 94/268 finished
Chunk 95/268 finished
Chunk 96/268 finished
Chunk 97/268 finished
Chunk 98/268 finished
Chunk 99/268 finished
Chunk 100/268 finished
Chunk 101/268 finished
Chunk 102/268 finished
Chunk 103/268 finished
Chunk 104/268 finished
Chunk 105/268 finished
Chunk 106/268 finished
Chunk 107/268 finished
Chunk 108/268 finished
Chunk 109/268 finished
Chunk 110/268 finished
Chunk 111/268 finished
Chunk 112/268 finished
Chunk 113/268 finished
Chunk 114/268 finished
Chunk 115/268 finished
Chunk 116/268 finished
Chunk 117/268 finished
Chunk 118/268 finished
Chunk 119/268 finished
Chunk 120/268 finished
Chunk 121/268 finished
Chunk 122/268 finished
Chunk 123/268 finished
Chunk 124/268 finished
Chunk 125/268 finished
Chunk 126/268 finished
Chunk 127/268 finished
Chunk 128/268 finished
Chunk 129/268 finished
Chunk 130/268 finished
Chunk 131/268 finished
Chunk 132/268 finished
Chunk 133/268 finished
Chunk 134/268 finished
Chunk 135/268 finished
Chunk 136/268 finished
Chunk 137/268 finished
Chunk 138/268 finished
Chunk 139/268 finished
Chunk 140/268 finished
Chunk 141/268 finished
Chunk 142/268 finished
Chunk 143/268 finished
Chunk 144/268 finished
Chunk 145/268 finished
Chunk 146/268 finished
Chunk 147/268 finished
Chunk 148/268 finished
Chunk 149/268 finished
Chunk 150/268 finished
Chunk 151/268 finished
Chunk 152/268 finished
Chunk 153/268 finished
Chunk 154/268 finished
Chunk 155/268 finished
Chunk 156/268 finished
Chunk 157/268 finished
Chunk 158/268 finished
Chunk 159/268 finished
Chunk 160/268 finished
Chunk 161/268 finished
Chunk 162/268 finished
Chunk 163/268 finished
Chunk 164/268 finished
Chunk 165/268 finished
Chunk 166/268 finished
Chunk 167/268 finished
Chunk 168/268 finished
Chunk 169/268 finished
Chunk 170/268 finished
Chunk 171/268 finished
Chunk 172/268 finished
Chunk 173/268 finished
Chunk 174/268 finished
Chunk 175/268 finished
Chunk 176/268 finished
Chunk 177/268 finished
Chunk 178/268 finished
Chunk 179/268 finished
Chunk 180/268 finished
Chunk 181/268 finished
Chunk 182/268 finished
Chunk 183/268 finished
Chunk 184/268 finished
Chunk 185/268 finished
Chunk 186/268 finished
Chunk 187/268 finished
Chunk 188/268 finished
Chunk 189/268 finished
Chunk 190/268 finished
Chunk 191/268 finished
Chunk 192/268 finished
Chunk 193/268 finished
Chunk 194/268 finished
Chunk 195/268 finished
Chunk 196/268 finished
Chunk 197/268 finished
Chunk 198/268 finished
Chunk 199/268 finished
Chunk 200/268 finished
Chunk 201/268 finished
Chunk 202/268 finished
Chunk 203/268 finished
Chunk 204/268 finished
Chunk 205/268 finished
Chunk 206/268 finished
Chunk 207/268 finished
Chunk 208/268 finished
Chunk 209/268 finished
Chunk 210/268 finished
Chunk 211/268 finished
Chunk 212/268 finished
Chunk 213/268 finished
Chunk 214/268 finished
Chunk 215/268 finished
Chunk 216/268 finished
Chunk 217/268 finished
Chunk 218/268 finished
Chunk 219/268 finished
Chunk 220/268 finished
Chunk 221/268 finished
Chunk 222/268 finished
Chunk 223/268 finished
Chunk 224/268 finished
Chunk 225/268 finished
Chunk 226/268 finished
Chunk 227/268 finished
Chunk 228/268 finished
Chunk 229/268 finished
Chunk 230/268 finished
Chunk 231/268 finished
Chunk 232/268 finished
Chunk 233/268 finished
Chunk 234/268 finished
Chunk 235/268 finished
Chunk 236/268 finished
Chunk 237/268 finished
Chunk 238/268 finished
Chunk 239/268 finished
Chunk 240/268 finished
Chunk 241/268 finished
Chunk 242/268 finished
Chunk 243/268 finished
Chunk 244/268 finished
Chunk 245/268 finished
Chunk 246/268 finished
Chunk 247/268 finished
Chunk 248/268 finished
Chunk 249/268 finished
Chunk 250/268 finished
Chunk 251/268 finished
Chunk 252/268 finished
Chunk 253/268 finished
Chunk 254/268 finished
Chunk 255/268 finished
Chunk 256/268 finished
Chunk 257/268 finished
Chunk 258/268 finished
Chunk 259/268 finished
Chunk 260/268 finished
Chunk 261/268 finished
Chunk 262/268 finished
Chunk 263/268 finished
Chunk 264/268 finished
Chunk 265/268 finished
Chunk 266/268 finished
Chunk 267/268 finished
The average WAPE is 27.957361221313477 for Experiment: heating_12h, model: Models.TCN, horizon: short-term, component: Components.ALL, segment: off, prediction horizon: 300, input_size: 1800, stride: 15
The average RMSE is 0.1927085816860199 for Experiment: heating_12h, model: Models.TCN, horizon: short-term, component: Components.ALL, segment: off, prediction horizon: 300, input_size: 1800, stride: 15
The average MAE is 0.1552232801914215 for Experiment: heating_12h, model: Models.TCN, horizon: short-term, component: Components.ALL, segment: off, prediction horizon: 300, input_size: 1800, stride: 15
Validating with 76 and 99 done: 0.1927085816860199.
Trained and saved prediction model to ./models_tmp/LightGBM_gridsearch_training_l76_u100_heating_12h_0_Models.TCN_300_15_1800_False.pkl
Current prediction at 76 100
Chunk 0/268 finished
Chunk 1/268 finished
Chunk 2/268 finished
Chunk 3/268 finished
Chunk 4/268 finished
Chunk 5/268 finished
Chunk 6/268 finished
Chunk 7/268 finished
Chunk 8/268 finished
Chunk 9/268 finished
Chunk 10/268 finished
Chunk 11/268 finished
Chunk 12/268 finished
Chunk 13/268 finished
Chunk 14/268 finished
Chunk 15/268 finished
Chunk 16/268 finished
Chunk 17/268 finished
Chunk 18/268 finished
Chunk 19/268 finished
Chunk 20/268 finished
Chunk 21/268 finished
Chunk 22/268 finished
Chunk 23/268 finished
Chunk 24/268 finished
Chunk 25/268 finished
Chunk 26/268 finished
Chunk 27/268 finished
Chunk 28/268 finished
Chunk 29/268 finished
Chunk 30/268 finished
Chunk 31/268 finished
Chunk 32/268 finished
Chunk 33/268 finished
Chunk 34/268 finished
Chunk 35/268 finished
Chunk 36/268 finished
Chunk 37/268 finished
Chunk 38/268 finished
Chunk 39/268 finished
Chunk 40/268 finished
Chunk 41/268 finished
Chunk 42/268 finished
Chunk 43/268 finished
Chunk 44/268 finished
Chunk 45/268 finished
Chunk 46/268 finished
Chunk 47/268 finished
Chunk 48/268 finished
Chunk 49/268 finished
Chunk 50/268 finished
Chunk 51/268 finished
Chunk 52/268 finished
Chunk 53/268 finished
Chunk 54/268 finished
Chunk 55/268 finished
Chunk 56/268 finished
Chunk 57/268 finished
Chunk 58/268 finished
Chunk 59/268 finished
Chunk 60/268 finished
Chunk 61/268 finished
Chunk 62/268 finished
Chunk 63/268 finished
Chunk 64/268 finished
Chunk 65/268 finished
Chunk 66/268 finished
Chunk 67/268 finished
Chunk 68/268 finished
Chunk 69/268 finished
Chunk 70/268 finished
Chunk 71/268 finished
Chunk 72/268 finished
Chunk 73/268 finished
Chunk 74/268 finished
Chunk 75/268 finished
Chunk 76/268 finished
Chunk 77/268 finished
Chunk 78/268 finished
Chunk 79/268 finished
Chunk 80/268 finished
Chunk 81/268 finished
Chunk 82/268 finished
Chunk 83/268 finished
Chunk 84/268 finished
Chunk 85/268 finished
Chunk 86/268 finished
Chunk 87/268 finished
Chunk 88/268 finished
Chunk 89/268 finished
Chunk 90/268 finished
Chunk 91/268 finished
Chunk 92/268 finished
Chunk 93/268 finished
Chunk 94/268 finished
Chunk 95/268 finished
Chunk 96/268 finished
Chunk 97/268 finished
Chunk 98/268 finished
Chunk 99/268 finished
Chunk 100/268 finished
Chunk 101/268 finished
Chunk 102/268 finished
Chunk 103/268 finished
Chunk 104/268 finished
Chunk 105/268 finished
Chunk 106/268 finished
Chunk 107/268 finished
Chunk 108/268 finished
Chunk 109/268 finished
Chunk 110/268 finished
Chunk 111/268 finished
Chunk 112/268 finished
Chunk 113/268 finished
Chunk 114/268 finished
Chunk 115/268 finished
Chunk 116/268 finished
Chunk 117/268 finished
Chunk 118/268 finished
Chunk 119/268 finished
Chunk 120/268 finished
Chunk 121/268 finished
Chunk 122/268 finished
Chunk 123/268 finished
Chunk 124/268 finished
Chunk 125/268 finished
Chunk 126/268 finished
Chunk 127/268 finished
Chunk 128/268 finished
Chunk 129/268 finished
Chunk 130/268 finished
Chunk 131/268 finished
Chunk 132/268 finished
Chunk 133/268 finished
Chunk 134/268 finished
Chunk 135/268 finished
Chunk 136/268 finished
Chunk 137/268 finished
Chunk 138/268 finished
Chunk 139/268 finished
Chunk 140/268 finished
Chunk 141/268 finished
Chunk 142/268 finished
Chunk 143/268 finished
Chunk 144/268 finished
Chunk 145/268 finished
Chunk 146/268 finished
Chunk 147/268 finished
Chunk 148/268 finished
Chunk 149/268 finished
Chunk 150/268 finished
Chunk 151/268 finished
Chunk 152/268 finished
Chunk 153/268 finished
Chunk 154/268 finished
Chunk 155/268 finished
Chunk 156/268 finished
Chunk 157/268 finished
Chunk 158/268 finished
Chunk 159/268 finished
Chunk 160/268 finished
Chunk 161/268 finished
Chunk 162/268 finished
Chunk 163/268 finished
Chunk 164/268 finished
Chunk 165/268 finished
Chunk 166/268 finished
Chunk 167/268 finished
Chunk 168/268 finished
Chunk 169/268 finished
Chunk 170/268 finished
Chunk 171/268 finished
Chunk 172/268 finished
Chunk 173/268 finished
Chunk 174/268 finished
Chunk 175/268 finished
Chunk 176/268 finished
Chunk 177/268 finished
Chunk 178/268 finished
Chunk 179/268 finished
Chunk 180/268 finished
Chunk 181/268 finished
Chunk 182/268 finished
Chunk 183/268 finished
Chunk 184/268 finished
Chunk 185/268 finished
Chunk 186/268 finished
Chunk 187/268 finished
Chunk 188/268 finished
Chunk 189/268 finished
Chunk 190/268 finished
Chunk 191/268 finished
Chunk 192/268 finished
Chunk 193/268 finished
Chunk 194/268 finished
Chunk 195/268 finished
Chunk 196/268 finished
Chunk 197/268 finished
Chunk 198/268 finished
Chunk 199/268 finished
Chunk 200/268 finished
Chunk 201/268 finished
Chunk 202/268 finished
Chunk 203/268 finished
Chunk 204/268 finished
Chunk 205/268 finished
Chunk 206/268 finished
Chunk 207/268 finished
Chunk 208/268 finished
Chunk 209/268 finished
Chunk 210/268 finished
Chunk 211/268 finished
Chunk 212/268 finished
Chunk 213/268 finished
Chunk 214/268 finished
Chunk 215/268 finished
Chunk 216/268 finished
Chunk 217/268 finished
Chunk 218/268 finished
Chunk 219/268 finished
Chunk 220/268 finished
Chunk 221/268 finished
Chunk 222/268 finished
Chunk 223/268 finished
Chunk 224/268 finished
Chunk 225/268 finished
Chunk 226/268 finished
Chunk 227/268 finished
Chunk 228/268 finished
Chunk 229/268 finished
Chunk 230/268 finished
Chunk 231/268 finished
Chunk 232/268 finished
Chunk 233/268 finished
Chunk 234/268 finished
Chunk 235/268 finished
Chunk 236/268 finished
Chunk 237/268 finished
Chunk 238/268 finished
Chunk 239/268 finished
Chunk 240/268 finished
Chunk 241/268 finished
Chunk 242/268 finished
Chunk 243/268 finished
Chunk 244/268 finished
Chunk 245/268 finished
Chunk 246/268 finished
Chunk 247/268 finished
Chunk 248/268 finished
Chunk 249/268 finished
Chunk 250/268 finished
Chunk 251/268 finished
Chunk 252/268 finished
Chunk 253/268 finished
Chunk 254/268 finished
Chunk 255/268 finished
Chunk 256/268 finished
Chunk 257/268 finished
Chunk 258/268 finished
Chunk 259/268 finished
Chunk 260/268 finished
Chunk 261/268 finished
Chunk 262/268 finished
Chunk 263/268 finished
Chunk 264/268 finished
Chunk 265/268 finished
Chunk 266/268 finished
Chunk 267/268 finished
The average WAPE is 30.83955955505371 for Experiment: heating_12h, model: Models.TCN, horizon: short-term, component: Components.ALL, segment: off, prediction horizon: 300, input_size: 1800, stride: 15
The average RMSE is 0.2110762745141983 for Experiment: heating_12h, model: Models.TCN, horizon: short-term, component: Components.ALL, segment: off, prediction horizon: 300, input_size: 1800, stride: 15
The average MAE is 0.1711408942937851 for Experiment: heating_12h, model: Models.TCN, horizon: short-term, component: Components.ALL, segment: off, prediction horizon: 300, input_size: 1800, stride: 15
Validating with 76 and 100 done: 0.2110762745141983.
Trained and saved prediction model to ./models_tmp/LightGBM_gridsearch_training_l77_u96_heating_12h_0_Models.TCN_300_15_1800_False.pkl
Current prediction at 77 96
Chunk 0/268 finished
Chunk 1/268 finished
Chunk 2/268 finished
Chunk 3/268 finished
Chunk 4/268 finished
Chunk 5/268 finished
Chunk 6/268 finished
Chunk 7/268 finished
Chunk 8/268 finished
Chunk 9/268 finished
Chunk 10/268 finished
Chunk 11/268 finished
Chunk 12/268 finished
Chunk 13/268 finished
Chunk 14/268 finished
Chunk 15/268 finished
Chunk 16/268 finished
Chunk 17/268 finished
Chunk 18/268 finished
Chunk 19/268 finished
Chunk 20/268 finished
Chunk 21/268 finished
Chunk 22/268 finished
Chunk 23/268 finished
Chunk 24/268 finished
Chunk 25/268 finished
Chunk 26/268 finished
Chunk 27/268 finished
Chunk 28/268 finished
Chunk 29/268 finished
Chunk 30/268 finished
Chunk 31/268 finished
Chunk 32/268 finished
Chunk 33/268 finished
Chunk 34/268 finished
Chunk 35/268 finished
Chunk 36/268 finished
Chunk 37/268 finished
Chunk 38/268 finished
Chunk 39/268 finished
Chunk 40/268 finished
Chunk 41/268 finished
Chunk 42/268 finished
Chunk 43/268 finished
Chunk 44/268 finished
Chunk 45/268 finished
Chunk 46/268 finished
Chunk 47/268 finished
Chunk 48/268 finished
Chunk 49/268 finished
Chunk 50/268 finished
Chunk 51/268 finished
Chunk 52/268 finished
Chunk 53/268 finished
Chunk 54/268 finished
Chunk 55/268 finished
Chunk 56/268 finished
Chunk 57/268 finished
Chunk 58/268 finished
Chunk 59/268 finished
Chunk 60/268 finished
Chunk 61/268 finished
Chunk 62/268 finished
Chunk 63/268 finished
Chunk 64/268 finished
Chunk 65/268 finished
Chunk 66/268 finished
Chunk 67/268 finished
Chunk 68/268 finished
Chunk 69/268 finished
Chunk 70/268 finished
Chunk 71/268 finished
Chunk 72/268 finished
Chunk 73/268 finished
Chunk 74/268 finished
Chunk 75/268 finished
Chunk 76/268 finished
Chunk 77/268 finished
Chunk 78/268 finished
Chunk 79/268 finished
Chunk 80/268 finished
Chunk 81/268 finished
Chunk 82/268 finished
Chunk 83/268 finished
Chunk 84/268 finished
Chunk 85/268 finished
Chunk 86/268 finished
Chunk 87/268 finished
Chunk 88/268 finished
Chunk 89/268 finished
Chunk 90/268 finished
Chunk 91/268 finished
Chunk 92/268 finished
Chunk 93/268 finished
Chunk 94/268 finished
Chunk 95/268 finished
Chunk 96/268 finished
Chunk 97/268 finished
Chunk 98/268 finished
Chunk 99/268 finished
Chunk 100/268 finished
Chunk 101/268 finished
Chunk 102/268 finished
Chunk 103/268 finished
Chunk 104/268 finished
Chunk 105/268 finished
Chunk 106/268 finished
Chunk 107/268 finished
Chunk 108/268 finished
Chunk 109/268 finished
Chunk 110/268 finished
Chunk 111/268 finished
Chunk 112/268 finished
Chunk 113/268 finished
Chunk 114/268 finished
Chunk 115/268 finished
Chunk 116/268 finished
Chunk 117/268 finished
Chunk 118/268 finished
Chunk 119/268 finished
Chunk 120/268 finished
Chunk 121/268 finished
Chunk 122/268 finished
Chunk 123/268 finished
Chunk 124/268 finished
Chunk 125/268 finished
Chunk 126/268 finished
Chunk 127/268 finished
Chunk 128/268 finished
Chunk 129/268 finished
Chunk 130/268 finished
Chunk 131/268 finished
Chunk 132/268 finished
Chunk 133/268 finished
Chunk 134/268 finished
Chunk 135/268 finished
Chunk 136/268 finished
Chunk 137/268 finished
Chunk 138/268 finished
Chunk 139/268 finished
Chunk 140/268 finished
Chunk 141/268 finished
Chunk 142/268 finished
Chunk 143/268 finished
Chunk 144/268 finished
Chunk 145/268 finished
Chunk 146/268 finished
Chunk 147/268 finished
Chunk 148/268 finished
Chunk 149/268 finished
Chunk 150/268 finished
Chunk 151/268 finished
Chunk 152/268 finished
Chunk 153/268 finished
Chunk 154/268 finished
Chunk 155/268 finished
Chunk 156/268 finished
Chunk 157/268 finished
Chunk 158/268 finished
Chunk 159/268 finished
Chunk 160/268 finished
Chunk 161/268 finished
Chunk 162/268 finished
Chunk 163/268 finished
Chunk 164/268 finished
Chunk 165/268 finished
Chunk 166/268 finished
Chunk 167/268 finished
Chunk 168/268 finished
Chunk 169/268 finished
Chunk 170/268 finished
Chunk 171/268 finished
Chunk 172/268 finished
Chunk 173/268 finished
Chunk 174/268 finished
Chunk 175/268 finished
Chunk 176/268 finished
Chunk 177/268 finished
Chunk 178/268 finished
Chunk 179/268 finished
Chunk 180/268 finished
Chunk 181/268 finished
Chunk 182/268 finished
Chunk 183/268 finished
Chunk 184/268 finished
Chunk 185/268 finished
Chunk 186/268 finished
Chunk 187/268 finished
Chunk 188/268 finished
Chunk 189/268 finished
Chunk 190/268 finished
Chunk 191/268 finished
Chunk 192/268 finished
Chunk 193/268 finished
Chunk 194/268 finished
Chunk 195/268 finished
Chunk 196/268 finished
Chunk 197/268 finished
Chunk 198/268 finished
Chunk 199/268 finished
Chunk 200/268 finished
Chunk 201/268 finished
Chunk 202/268 finished
Chunk 203/268 finished
Chunk 204/268 finished
Chunk 205/268 finished
Chunk 206/268 finished
Chunk 207/268 finished
Chunk 208/268 finished
Chunk 209/268 finished
Chunk 210/268 finished
Chunk 211/268 finished
Chunk 212/268 finished
Chunk 213/268 finished
Chunk 214/268 finished
Chunk 215/268 finished
Chunk 216/268 finished
Chunk 217/268 finished
Chunk 218/268 finished
Chunk 219/268 finished
Chunk 220/268 finished
Chunk 221/268 finished
Chunk 222/268 finished
Chunk 223/268 finished
Chunk 224/268 finished
Chunk 225/268 finished
Chunk 226/268 finished
Chunk 227/268 finished
Chunk 228/268 finished
Chunk 229/268 finished
Chunk 230/268 finished
Chunk 231/268 finished
Chunk 232/268 finished
Chunk 233/268 finished
Chunk 234/268 finished
Chunk 235/268 finished
Chunk 236/268 finished
Chunk 237/268 finished
Chunk 238/268 finished
Chunk 239/268 finished
Chunk 240/268 finished
Chunk 241/268 finished
Chunk 242/268 finished
Chunk 243/268 finished
Chunk 244/268 finished
Chunk 245/268 finished
Chunk 246/268 finished
Chunk 247/268 finished
Chunk 248/268 finished
Chunk 249/268 finished
Chunk 250/268 finished
Chunk 251/268 finished
Chunk 252/268 finished
Chunk 253/268 finished
Chunk 254/268 finished
Chunk 255/268 finished
Chunk 256/268 finished
Chunk 257/268 finished
Chunk 258/268 finished
Chunk 259/268 finished
Chunk 260/268 finished
Chunk 261/268 finished
Chunk 262/268 finished
Chunk 263/268 finished
Chunk 264/268 finished
Chunk 265/268 finished
Chunk 266/268 finished
Chunk 267/268 finished
The average WAPE is 28.30999755859375 for Experiment: heating_12h, model: Models.TCN, horizon: short-term, component: Components.ALL, segment: off, prediction horizon: 300, input_size: 1800, stride: 15
The average RMSE is 0.19320282340049744 for Experiment: heating_12h, model: Models.TCN, horizon: short-term, component: Components.ALL, segment: off, prediction horizon: 300, input_size: 1800, stride: 15
The average MAE is 0.15685956180095673 for Experiment: heating_12h, model: Models.TCN, horizon: short-term, component: Components.ALL, segment: off, prediction horizon: 300, input_size: 1800, stride: 15
Validating with 77 and 96 done: 0.19320282340049744.
Trained and saved prediction model to ./models_tmp/LightGBM_gridsearch_training_l77_u97_heating_12h_0_Models.TCN_300_15_1800_False.pkl
Current prediction at 77 97
Chunk 0/268 finished
Chunk 1/268 finished
Chunk 2/268 finished
Chunk 3/268 finished
Chunk 4/268 finished
Chunk 5/268 finished
Chunk 6/268 finished
Chunk 7/268 finished
Chunk 8/268 finished
Chunk 9/268 finished
Chunk 10/268 finished
Chunk 11/268 finished
Chunk 12/268 finished
Chunk 13/268 finished
Chunk 14/268 finished
Chunk 15/268 finished
Chunk 16/268 finished
Chunk 17/268 finished
Chunk 18/268 finished
Chunk 19/268 finished
Chunk 20/268 finished
Chunk 21/268 finished
Chunk 22/268 finished
Chunk 23/268 finished
Chunk 24/268 finished
Chunk 25/268 finished
Chunk 26/268 finished
Chunk 27/268 finished
Chunk 28/268 finished
Chunk 29/268 finished
Chunk 30/268 finished
Chunk 31/268 finished
Chunk 32/268 finished
Chunk 33/268 finished
Chunk 34/268 finished
Chunk 35/268 finished
Chunk 36/268 finished
Chunk 37/268 finished
Chunk 38/268 finished
Chunk 39/268 finished
Chunk 40/268 finished
Chunk 41/268 finished
Chunk 42/268 finished
Chunk 43/268 finished
Chunk 44/268 finished
Chunk 45/268 finished
Chunk 46/268 finished
Chunk 47/268 finished
Chunk 48/268 finished
Chunk 49/268 finished
Chunk 50/268 finished
Chunk 51/268 finished
Chunk 52/268 finished
Chunk 53/268 finished
Chunk 54/268 finished
Chunk 55/268 finished
Chunk 56/268 finished
Chunk 57/268 finished
Chunk 58/268 finished
Chunk 59/268 finished
Chunk 60/268 finished
Chunk 61/268 finished
Chunk 62/268 finished
Chunk 63/268 finished
Chunk 64/268 finished
Chunk 65/268 finished
Chunk 66/268 finished
Chunk 67/268 finished
Chunk 68/268 finished
Chunk 69/268 finished
Chunk 70/268 finished
Chunk 71/268 finished
Chunk 72/268 finished
Chunk 73/268 finished
Chunk 74/268 finished
Chunk 75/268 finished
Chunk 76/268 finished
Chunk 77/268 finished
Chunk 78/268 finished
Chunk 79/268 finished
Chunk 80/268 finished
Chunk 81/268 finished
Chunk 82/268 finished
Chunk 83/268 finished
Chunk 84/268 finished
Chunk 85/268 finished
Chunk 86/268 finished
Chunk 87/268 finished
Chunk 88/268 finished
Chunk 89/268 finished
Chunk 90/268 finished
Chunk 91/268 finished
Chunk 92/268 finished
Chunk 93/268 finished
Chunk 94/268 finished
Chunk 95/268 finished
Chunk 96/268 finished
Chunk 97/268 finished
Chunk 98/268 finished
Chunk 99/268 finished
Chunk 100/268 finished
Chunk 101/268 finished
Chunk 102/268 finished
Chunk 103/268 finished
Chunk 104/268 finished
Chunk 105/268 finished
Chunk 106/268 finished
Chunk 107/268 finished
Chunk 108/268 finished
Chunk 109/268 finished
Chunk 110/268 finished
Chunk 111/268 finished
Chunk 112/268 finished
Chunk 113/268 finished
Chunk 114/268 finished
Chunk 115/268 finished
Chunk 116/268 finished
Chunk 117/268 finished
Chunk 118/268 finished
Chunk 119/268 finished
Chunk 120/268 finished
Chunk 121/268 finished
Chunk 122/268 finished
Chunk 123/268 finished
Chunk 124/268 finished
Chunk 125/268 finished
Chunk 126/268 finished
Chunk 127/268 finished
Chunk 128/268 finished
Chunk 129/268 finished
Chunk 130/268 finished
Chunk 131/268 finished
Chunk 132/268 finished
Chunk 133/268 finished
Chunk 134/268 finished
Chunk 135/268 finished
Chunk 136/268 finished
Chunk 137/268 finished
Chunk 138/268 finished
Chunk 139/268 finished
Chunk 140/268 finished
Chunk 141/268 finished
Chunk 142/268 finished
Chunk 143/268 finished
Chunk 144/268 finished
Chunk 145/268 finished
Chunk 146/268 finished
Chunk 147/268 finished
Chunk 148/268 finished
Chunk 149/268 finished
Chunk 150/268 finished
Chunk 151/268 finished
Chunk 152/268 finished
Chunk 153/268 finished
Chunk 154/268 finished
Chunk 155/268 finished
Chunk 156/268 finished
Chunk 157/268 finished
Chunk 158/268 finished
Chunk 159/268 finished
Chunk 160/268 finished
Chunk 161/268 finished
Chunk 162/268 finished
Chunk 163/268 finished
Chunk 164/268 finished
Chunk 165/268 finished
Chunk 166/268 finished
Chunk 167/268 finished
Chunk 168/268 finished
Chunk 169/268 finished
Chunk 170/268 finished
Chunk 171/268 finished
Chunk 172/268 finished
Chunk 173/268 finished
Chunk 174/268 finished
Chunk 175/268 finished
Chunk 176/268 finished
Chunk 177/268 finished
Chunk 178/268 finished
Chunk 179/268 finished
Chunk 180/268 finished
Chunk 181/268 finished
Chunk 182/268 finished
Chunk 183/268 finished
Chunk 184/268 finished
Chunk 185/268 finished
Chunk 186/268 finished
Chunk 187/268 finished
Chunk 188/268 finished
Chunk 189/268 finished
Chunk 190/268 finished
Chunk 191/268 finished
Chunk 192/268 finished
Chunk 193/268 finished
Chunk 194/268 finished
Chunk 195/268 finished
Chunk 196/268 finished
Chunk 197/268 finished
Chunk 198/268 finished
Chunk 199/268 finished
Chunk 200/268 finished
Chunk 201/268 finished
Chunk 202/268 finished
Chunk 203/268 finished
Chunk 204/268 finished
Chunk 205/268 finished
Chunk 206/268 finished
Chunk 207/268 finished
Chunk 208/268 finished
Chunk 209/268 finished
Chunk 210/268 finished
Chunk 211/268 finished
Chunk 212/268 finished
Chunk 213/268 finished
Chunk 214/268 finished
Chunk 215/268 finished
Chunk 216/268 finished
Chunk 217/268 finished
Chunk 218/268 finished
Chunk 219/268 finished
Chunk 220/268 finished
Chunk 221/268 finished
Chunk 222/268 finished
Chunk 223/268 finished
Chunk 224/268 finished
Chunk 225/268 finished
Chunk 226/268 finished
Chunk 227/268 finished
Chunk 228/268 finished
Chunk 229/268 finished
Chunk 230/268 finished
Chunk 231/268 finished
Chunk 232/268 finished
Chunk 233/268 finished
Chunk 234/268 finished
Chunk 235/268 finished
Chunk 236/268 finished
Chunk 237/268 finished
Chunk 238/268 finished
Chunk 239/268 finished
Chunk 240/268 finished
Chunk 241/268 finished
Chunk 242/268 finished
Chunk 243/268 finished
Chunk 244/268 finished
Chunk 245/268 finished
Chunk 246/268 finished
Chunk 247/268 finished
Chunk 248/268 finished
Chunk 249/268 finished
Chunk 250/268 finished
Chunk 251/268 finished
Chunk 252/268 finished
Chunk 253/268 finished
Chunk 254/268 finished
Chunk 255/268 finished
Chunk 256/268 finished
Chunk 257/268 finished
Chunk 258/268 finished
Chunk 259/268 finished
Chunk 260/268 finished
Chunk 261/268 finished
Chunk 262/268 finished
Chunk 263/268 finished
Chunk 264/268 finished
Chunk 265/268 finished
Chunk 266/268 finished
Chunk 267/268 finished
The average WAPE is 28.50766372680664 for Experiment: heating_12h, model: Models.TCN, horizon: short-term, component: Components.ALL, segment: off, prediction horizon: 300, input_size: 1800, stride: 15
The average RMSE is 0.19566015899181366 for Experiment: heating_12h, model: Models.TCN, horizon: short-term, component: Components.ALL, segment: off, prediction horizon: 300, input_size: 1800, stride: 15
The average MAE is 0.15802307426929474 for Experiment: heating_12h, model: Models.TCN, horizon: short-term, component: Components.ALL, segment: off, prediction horizon: 300, input_size: 1800, stride: 15
Validating with 77 and 97 done: 0.19566015899181366.
Trained and saved prediction model to ./models_tmp/LightGBM_gridsearch_training_l77_u98_heating_12h_0_Models.TCN_300_15_1800_False.pkl
Current prediction at 77 98
Chunk 0/268 finished
Chunk 1/268 finished
Chunk 2/268 finished
Chunk 3/268 finished
Chunk 4/268 finished
Chunk 5/268 finished
Chunk 6/268 finished
Chunk 7/268 finished
Chunk 8/268 finished
Chunk 9/268 finished
Chunk 10/268 finished
Chunk 11/268 finished
Chunk 12/268 finished
Chunk 13/268 finished
Chunk 14/268 finished
Chunk 15/268 finished
Chunk 16/268 finished
Chunk 17/268 finished
Chunk 18/268 finished
Chunk 19/268 finished
Chunk 20/268 finished
Chunk 21/268 finished
Chunk 22/268 finished
Chunk 23/268 finished
Chunk 24/268 finished
Chunk 25/268 finished
Chunk 26/268 finished
Chunk 27/268 finished
Chunk 28/268 finished
Chunk 29/268 finished
Chunk 30/268 finished
Chunk 31/268 finished
Chunk 32/268 finished
Chunk 33/268 finished
Chunk 34/268 finished
Chunk 35/268 finished
Chunk 36/268 finished
Chunk 37/268 finished
Chunk 38/268 finished
Chunk 39/268 finished
Chunk 40/268 finished
Chunk 41/268 finished
Chunk 42/268 finished
Chunk 43/268 finished
Chunk 44/268 finished
Chunk 45/268 finished
Chunk 46/268 finished
Chunk 47/268 finished
Chunk 48/268 finished
Chunk 49/268 finished
Chunk 50/268 finished
Chunk 51/268 finished
Chunk 52/268 finished
Chunk 53/268 finished
Chunk 54/268 finished
Chunk 55/268 finished
Chunk 56/268 finished
Chunk 57/268 finished
Chunk 58/268 finished
Chunk 59/268 finished
Chunk 60/268 finished
Chunk 61/268 finished
Chunk 62/268 finished
Chunk 63/268 finished
Chunk 64/268 finished
Chunk 65/268 finished
Chunk 66/268 finished
Chunk 67/268 finished
Chunk 68/268 finished
Chunk 69/268 finished
Chunk 70/268 finished
Chunk 71/268 finished
Chunk 72/268 finished
Chunk 73/268 finished
Chunk 74/268 finished
Chunk 75/268 finished
Chunk 76/268 finished
Chunk 77/268 finished
Chunk 78/268 finished
Chunk 79/268 finished
Chunk 80/268 finished
Chunk 81/268 finished
Chunk 82/268 finished
Chunk 83/268 finished
Chunk 84/268 finished
Chunk 85/268 finished
Chunk 86/268 finished
Chunk 87/268 finished
Chunk 88/268 finished
Chunk 89/268 finished
Chunk 90/268 finished
Chunk 91/268 finished
Chunk 92/268 finished
Chunk 93/268 finished
Chunk 94/268 finished
Chunk 95/268 finished
Chunk 96/268 finished
Chunk 97/268 finished
Chunk 98/268 finished
Chunk 99/268 finished
Chunk 100/268 finished
Chunk 101/268 finished
Chunk 102/268 finished
Chunk 103/268 finished
Chunk 104/268 finished
Chunk 105/268 finished
Chunk 106/268 finished
Chunk 107/268 finished
Chunk 108/268 finished
Chunk 109/268 finished
Chunk 110/268 finished
Chunk 111/268 finished
Chunk 112/268 finished
Chunk 113/268 finished
Chunk 114/268 finished
Chunk 115/268 finished
Chunk 116/268 finished
Chunk 117/268 finished
Chunk 118/268 finished
Chunk 119/268 finished
Chunk 120/268 finished
Chunk 121/268 finished
Chunk 122/268 finished
Chunk 123/268 finished
Chunk 124/268 finished
Chunk 125/268 finished
Chunk 126/268 finished
Chunk 127/268 finished
Chunk 128/268 finished
Chunk 129/268 finished
Chunk 130/268 finished
Chunk 131/268 finished
Chunk 132/268 finished
Chunk 133/268 finished
Chunk 134/268 finished
Chunk 135/268 finished
Chunk 136/268 finished
Chunk 137/268 finished
Chunk 138/268 finished
Chunk 139/268 finished
Chunk 140/268 finished
Chunk 141/268 finished
Chunk 142/268 finished
Chunk 143/268 finished
Chunk 144/268 finished
Chunk 145/268 finished
Chunk 146/268 finished
Chunk 147/268 finished
Chunk 148/268 finished
Chunk 149/268 finished
Chunk 150/268 finished
Chunk 151/268 finished
Chunk 152/268 finished
Chunk 153/268 finished
Chunk 154/268 finished
Chunk 155/268 finished
Chunk 156/268 finished
Chunk 157/268 finished
Chunk 158/268 finished
Chunk 159/268 finished
Chunk 160/268 finished
Chunk 161/268 finished
Chunk 162/268 finished
Chunk 163/268 finished
Chunk 164/268 finished
Chunk 165/268 finished
Chunk 166/268 finished
Chunk 167/268 finished
Chunk 168/268 finished
Chunk 169/268 finished
Chunk 170/268 finished
Chunk 171/268 finished
Chunk 172/268 finished
Chunk 173/268 finished
Chunk 174/268 finished
Chunk 175/268 finished
Chunk 176/268 finished
Chunk 177/268 finished
Chunk 178/268 finished
Chunk 179/268 finished
Chunk 180/268 finished
Chunk 181/268 finished
Chunk 182/268 finished
Chunk 183/268 finished
Chunk 184/268 finished
Chunk 185/268 finished
Chunk 186/268 finished
Chunk 187/268 finished
Chunk 188/268 finished
Chunk 189/268 finished
Chunk 190/268 finished
Chunk 191/268 finished
Chunk 192/268 finished
Chunk 193/268 finished
Chunk 194/268 finished
Chunk 195/268 finished
Chunk 196/268 finished
Chunk 197/268 finished
Chunk 198/268 finished
Chunk 199/268 finished
Chunk 200/268 finished
Chunk 201/268 finished
Chunk 202/268 finished
Chunk 203/268 finished
Chunk 204/268 finished
Chunk 205/268 finished
Chunk 206/268 finished
Chunk 207/268 finished
Chunk 208/268 finished
Chunk 209/268 finished
Chunk 210/268 finished
Chunk 211/268 finished
Chunk 212/268 finished
Chunk 213/268 finished
Chunk 214/268 finished
Chunk 215/268 finished
Chunk 216/268 finished
Chunk 217/268 finished
Chunk 218/268 finished
Chunk 219/268 finished
Chunk 220/268 finished
Chunk 221/268 finished
Chunk 222/268 finished
Chunk 223/268 finished
Chunk 224/268 finished
Chunk 225/268 finished
Chunk 226/268 finished
Chunk 227/268 finished
Chunk 228/268 finished
Chunk 229/268 finished
Chunk 230/268 finished
Chunk 231/268 finished
Chunk 232/268 finished
Chunk 233/268 finished
Chunk 234/268 finished
Chunk 235/268 finished
Chunk 236/268 finished
Chunk 237/268 finished
Chunk 238/268 finished
Chunk 239/268 finished
Chunk 240/268 finished
Chunk 241/268 finished
Chunk 242/268 finished
Chunk 243/268 finished
Chunk 244/268 finished
Chunk 245/268 finished
Chunk 246/268 finished
Chunk 247/268 finished
Chunk 248/268 finished
Chunk 249/268 finished
Chunk 250/268 finished
Chunk 251/268 finished
Chunk 252/268 finished
Chunk 253/268 finished
Chunk 254/268 finished
Chunk 255/268 finished
Chunk 256/268 finished
Chunk 257/268 finished
Chunk 258/268 finished
Chunk 259/268 finished
Chunk 260/268 finished
Chunk 261/268 finished
Chunk 262/268 finished
Chunk 263/268 finished
Chunk 264/268 finished
Chunk 265/268 finished
Chunk 266/268 finished
Chunk 267/268 finished
The average WAPE is 30.781513214111328 for Experiment: heating_12h, model: Models.TCN, horizon: short-term, component: Components.ALL, segment: off, prediction horizon: 300, input_size: 1800, stride: 15
The average RMSE is 0.2111055999994278 for Experiment: heating_12h, model: Models.TCN, horizon: short-term, component: Components.ALL, segment: off, prediction horizon: 300, input_size: 1800, stride: 15
The average MAE is 0.1706128716468811 for Experiment: heating_12h, model: Models.TCN, horizon: short-term, component: Components.ALL, segment: off, prediction horizon: 300, input_size: 1800, stride: 15
Validating with 77 and 98 done: 0.2111055999994278.
Trained and saved prediction model to ./models_tmp/LightGBM_gridsearch_training_l77_u99_heating_12h_0_Models.TCN_300_15_1800_False.pkl
Current prediction at 77 99
Chunk 0/268 finished
Chunk 1/268 finished
Chunk 2/268 finished
Chunk 3/268 finished
Chunk 4/268 finished
Chunk 5/268 finished
Chunk 6/268 finished
Chunk 7/268 finished
Chunk 8/268 finished
Chunk 9/268 finished
Chunk 10/268 finished
Chunk 11/268 finished
Chunk 12/268 finished
Chunk 13/268 finished
Chunk 14/268 finished
Chunk 15/268 finished
Chunk 16/268 finished
Chunk 17/268 finished
Chunk 18/268 finished
Chunk 19/268 finished
Chunk 20/268 finished
Chunk 21/268 finished
Chunk 22/268 finished
Chunk 23/268 finished
Chunk 24/268 finished
Chunk 25/268 finished
Chunk 26/268 finished
Chunk 27/268 finished
Chunk 28/268 finished
Chunk 29/268 finished
Chunk 30/268 finished
Chunk 31/268 finished
Chunk 32/268 finished
Chunk 33/268 finished
Chunk 34/268 finished
Chunk 35/268 finished
Chunk 36/268 finished
Chunk 37/268 finished
Chunk 38/268 finished
Chunk 39/268 finished
Chunk 40/268 finished
Chunk 41/268 finished
Chunk 42/268 finished
Chunk 43/268 finished
Chunk 44/268 finished
Chunk 45/268 finished
Chunk 46/268 finished
Chunk 47/268 finished
Chunk 48/268 finished
Chunk 49/268 finished
Chunk 50/268 finished
Chunk 51/268 finished
Chunk 52/268 finished
Chunk 53/268 finished
Chunk 54/268 finished
Chunk 55/268 finished
Chunk 56/268 finished
Chunk 57/268 finished
Chunk 58/268 finished
Chunk 59/268 finished
Chunk 60/268 finished
Chunk 61/268 finished
Chunk 62/268 finished
Chunk 63/268 finished
Chunk 64/268 finished
Chunk 65/268 finished
Chunk 66/268 finished
Chunk 67/268 finished
Chunk 68/268 finished
Chunk 69/268 finished
Chunk 70/268 finished
Chunk 71/268 finished
Chunk 72/268 finished
Chunk 73/268 finished
Chunk 74/268 finished
Chunk 75/268 finished
Chunk 76/268 finished
Chunk 77/268 finished
Chunk 78/268 finished
Chunk 79/268 finished
Chunk 80/268 finished
Chunk 81/268 finished
Chunk 82/268 finished
Chunk 83/268 finished
Chunk 84/268 finished
Chunk 85/268 finished
Chunk 86/268 finished
Chunk 87/268 finished
Chunk 88/268 finished
Chunk 89/268 finished
Chunk 90/268 finished
Chunk 91/268 finished
Chunk 92/268 finished
Chunk 93/268 finished
Chunk 94/268 finished
Chunk 95/268 finished
Chunk 96/268 finished
Chunk 97/268 finished
Chunk 98/268 finished
Chunk 99/268 finished
Chunk 100/268 finished
Chunk 101/268 finished
Chunk 102/268 finished
Chunk 103/268 finished
Chunk 104/268 finished
Chunk 105/268 finished
Chunk 106/268 finished
Chunk 107/268 finished
Chunk 108/268 finished
Chunk 109/268 finished
Chunk 110/268 finished
Chunk 111/268 finished
Chunk 112/268 finished
Chunk 113/268 finished
Chunk 114/268 finished
Chunk 115/268 finished
Chunk 116/268 finished
Chunk 117/268 finished
Chunk 118/268 finished
Chunk 119/268 finished
Chunk 120/268 finished
Chunk 121/268 finished
Chunk 122/268 finished
Chunk 123/268 finished
Chunk 124/268 finished
Chunk 125/268 finished
Chunk 126/268 finished
Chunk 127/268 finished
Chunk 128/268 finished
Chunk 129/268 finished
Chunk 130/268 finished
Chunk 131/268 finished
Chunk 132/268 finished
Chunk 133/268 finished
Chunk 134/268 finished
Chunk 135/268 finished
Chunk 136/268 finished
Chunk 137/268 finished
Chunk 138/268 finished
Chunk 139/268 finished
Chunk 140/268 finished
Chunk 141/268 finished
Chunk 142/268 finished
Chunk 143/268 finished
Chunk 144/268 finished
Chunk 145/268 finished
Chunk 146/268 finished
Chunk 147/268 finished
Chunk 148/268 finished
Chunk 149/268 finished
Chunk 150/268 finished
Chunk 151/268 finished
Chunk 152/268 finished
Chunk 153/268 finished
Chunk 154/268 finished
Chunk 155/268 finished
Chunk 156/268 finished
Chunk 157/268 finished
Chunk 158/268 finished
Chunk 159/268 finished
Chunk 160/268 finished
Chunk 161/268 finished
Chunk 162/268 finished
Chunk 163/268 finished
Chunk 164/268 finished
Chunk 165/268 finished
Chunk 166/268 finished
Chunk 167/268 finished
Chunk 168/268 finished
Chunk 169/268 finished
Chunk 170/268 finished
Chunk 171/268 finished
Chunk 172/268 finished
Chunk 173/268 finished
Chunk 174/268 finished
Chunk 175/268 finished
Chunk 176/268 finished
Chunk 177/268 finished
Chunk 178/268 finished
Chunk 179/268 finished
Chunk 180/268 finished
Chunk 181/268 finished
Chunk 182/268 finished
Chunk 183/268 finished
Chunk 184/268 finished
Chunk 185/268 finished
Chunk 186/268 finished
Chunk 187/268 finished
Chunk 188/268 finished
Chunk 189/268 finished
Chunk 190/268 finished
Chunk 191/268 finished
Chunk 192/268 finished
Chunk 193/268 finished
Chunk 194/268 finished
Chunk 195/268 finished
Chunk 196/268 finished
Chunk 197/268 finished
Chunk 198/268 finished
Chunk 199/268 finished
Chunk 200/268 finished
Chunk 201/268 finished
Chunk 202/268 finished
Chunk 203/268 finished
Chunk 204/268 finished
Chunk 205/268 finished
Chunk 206/268 finished
Chunk 207/268 finished
Chunk 208/268 finished
Chunk 209/268 finished
Chunk 210/268 finished
Chunk 211/268 finished
Chunk 212/268 finished
Chunk 213/268 finished
Chunk 214/268 finished
Chunk 215/268 finished
Chunk 216/268 finished
Chunk 217/268 finished
Chunk 218/268 finished
Chunk 219/268 finished
Chunk 220/268 finished
Chunk 221/268 finished
Chunk 222/268 finished
Chunk 223/268 finished
Chunk 224/268 finished
Chunk 225/268 finished
Chunk 226/268 finished
Chunk 227/268 finished
Chunk 228/268 finished
Chunk 229/268 finished
Chunk 230/268 finished
Chunk 231/268 finished
Chunk 232/268 finished
Chunk 233/268 finished
Chunk 234/268 finished
Chunk 235/268 finished
Chunk 236/268 finished
Chunk 237/268 finished
Chunk 238/268 finished
Chunk 239/268 finished
Chunk 240/268 finished
Chunk 241/268 finished
Chunk 242/268 finished
Chunk 243/268 finished
Chunk 244/268 finished
Chunk 245/268 finished
Chunk 246/268 finished
Chunk 247/268 finished
Chunk 248/268 finished
Chunk 249/268 finished
Chunk 250/268 finished
Chunk 251/268 finished
Chunk 252/268 finished
Chunk 253/268 finished
Chunk 254/268 finished
Chunk 255/268 finished
Chunk 256/268 finished
Chunk 257/268 finished
Chunk 258/268 finished
Chunk 259/268 finished
Chunk 260/268 finished
Chunk 261/268 finished
Chunk 262/268 finished
Chunk 263/268 finished
Chunk 264/268 finished
Chunk 265/268 finished
Chunk 266/268 finished
Chunk 267/268 finished
The average WAPE is 27.967344284057617 for Experiment: heating_12h, model: Models.TCN, horizon: short-term, component: Components.ALL, segment: off, prediction horizon: 300, input_size: 1800, stride: 15
The average RMSE is 0.1913166344165802 for Experiment: heating_12h, model: Models.TCN, horizon: short-term, component: Components.ALL, segment: off, prediction horizon: 300, input_size: 1800, stride: 15
The average MAE is 0.15508662164211273 for Experiment: heating_12h, model: Models.TCN, horizon: short-term, component: Components.ALL, segment: off, prediction horizon: 300, input_size: 1800, stride: 15
Validating with 77 and 99 done: 0.1913166344165802.
Trained and saved prediction model to ./models_tmp/LightGBM_gridsearch_training_l77_u100_heating_12h_0_Models.TCN_300_15_1800_False.pkl
Current prediction at 77 100
Chunk 0/268 finished
Chunk 1/268 finished
Chunk 2/268 finished
Chunk 3/268 finished
Chunk 4/268 finished
Chunk 5/268 finished
Chunk 6/268 finished
Chunk 7/268 finished
Chunk 8/268 finished
Chunk 9/268 finished
Chunk 10/268 finished
Chunk 11/268 finished
Chunk 12/268 finished
Chunk 13/268 finished
Chunk 14/268 finished
Chunk 15/268 finished
Chunk 16/268 finished
Chunk 17/268 finished
Chunk 18/268 finished
Chunk 19/268 finished
Chunk 20/268 finished
Chunk 21/268 finished
Chunk 22/268 finished
Chunk 23/268 finished
Chunk 24/268 finished
Chunk 25/268 finished
Chunk 26/268 finished
Chunk 27/268 finished
Chunk 28/268 finished
Chunk 29/268 finished
Chunk 30/268 finished
Chunk 31/268 finished
Chunk 32/268 finished
Chunk 33/268 finished
Chunk 34/268 finished
Chunk 35/268 finished
Chunk 36/268 finished
Chunk 37/268 finished
Chunk 38/268 finished
Chunk 39/268 finished
Chunk 40/268 finished
Chunk 41/268 finished
Chunk 42/268 finished
Chunk 43/268 finished
Chunk 44/268 finished
Chunk 45/268 finished
Chunk 46/268 finished
Chunk 47/268 finished
Chunk 48/268 finished
Chunk 49/268 finished
Chunk 50/268 finished
Chunk 51/268 finished
Chunk 52/268 finished
Chunk 53/268 finished
Chunk 54/268 finished
Chunk 55/268 finished
Chunk 56/268 finished
Chunk 57/268 finished
Chunk 58/268 finished
Chunk 59/268 finished
Chunk 60/268 finished
Chunk 61/268 finished
Chunk 62/268 finished
Chunk 63/268 finished
Chunk 64/268 finished
Chunk 65/268 finished
Chunk 66/268 finished
Chunk 67/268 finished
Chunk 68/268 finished
Chunk 69/268 finished
Chunk 70/268 finished
Chunk 71/268 finished
Chunk 72/268 finished
Chunk 73/268 finished
Chunk 74/268 finished
Chunk 75/268 finished
Chunk 76/268 finished
Chunk 77/268 finished
Chunk 78/268 finished
Chunk 79/268 finished
Chunk 80/268 finished
Chunk 81/268 finished
Chunk 82/268 finished
Chunk 83/268 finished
Chunk 84/268 finished
Chunk 85/268 finished
Chunk 86/268 finished
Chunk 87/268 finished
Chunk 88/268 finished
Chunk 89/268 finished
Chunk 90/268 finished
Chunk 91/268 finished
Chunk 92/268 finished
Chunk 93/268 finished
Chunk 94/268 finished
Chunk 95/268 finished
Chunk 96/268 finished
Chunk 97/268 finished
Chunk 98/268 finished
Chunk 99/268 finished
Chunk 100/268 finished
Chunk 101/268 finished
Chunk 102/268 finished
Chunk 103/268 finished
Chunk 104/268 finished
Chunk 105/268 finished
Chunk 106/268 finished
Chunk 107/268 finished
Chunk 108/268 finished
Chunk 109/268 finished
Chunk 110/268 finished
Chunk 111/268 finished
Chunk 112/268 finished
Chunk 113/268 finished
Chunk 114/268 finished
Chunk 115/268 finished
Chunk 116/268 finished
Chunk 117/268 finished
Chunk 118/268 finished
Chunk 119/268 finished
Chunk 120/268 finished
Chunk 121/268 finished
Chunk 122/268 finished
Chunk 123/268 finished
Chunk 124/268 finished
Chunk 125/268 finished
Chunk 126/268 finished
Chunk 127/268 finished
Chunk 128/268 finished
Chunk 129/268 finished
Chunk 130/268 finished
Chunk 131/268 finished
Chunk 132/268 finished
Chunk 133/268 finished
Chunk 134/268 finished
Chunk 135/268 finished
Chunk 136/268 finished
Chunk 137/268 finished
Chunk 138/268 finished
Chunk 139/268 finished
Chunk 140/268 finished
Chunk 141/268 finished
Chunk 142/268 finished
Chunk 143/268 finished
Chunk 144/268 finished
Chunk 145/268 finished
Chunk 146/268 finished
Chunk 147/268 finished
Chunk 148/268 finished
Chunk 149/268 finished
Chunk 150/268 finished
Chunk 151/268 finished
Chunk 152/268 finished
Chunk 153/268 finished
Chunk 154/268 finished
Chunk 155/268 finished
Chunk 156/268 finished
Chunk 157/268 finished
Chunk 158/268 finished
Chunk 159/268 finished
Chunk 160/268 finished
Chunk 161/268 finished
Chunk 162/268 finished
Chunk 163/268 finished
Chunk 164/268 finished
Chunk 165/268 finished
Chunk 166/268 finished
Chunk 167/268 finished
Chunk 168/268 finished
Chunk 169/268 finished
Chunk 170/268 finished
Chunk 171/268 finished
Chunk 172/268 finished
Chunk 173/268 finished
Chunk 174/268 finished
Chunk 175/268 finished
Chunk 176/268 finished
Chunk 177/268 finished
Chunk 178/268 finished
Chunk 179/268 finished
Chunk 180/268 finished
Chunk 181/268 finished
Chunk 182/268 finished
Chunk 183/268 finished
Chunk 184/268 finished
Chunk 185/268 finished
Chunk 186/268 finished
Chunk 187/268 finished
Chunk 188/268 finished
Chunk 189/268 finished
Chunk 190/268 finished
Chunk 191/268 finished
Chunk 192/268 finished
Chunk 193/268 finished
Chunk 194/268 finished
Chunk 195/268 finished
Chunk 196/268 finished
Chunk 197/268 finished
Chunk 198/268 finished
Chunk 199/268 finished
Chunk 200/268 finished
Chunk 201/268 finished
Chunk 202/268 finished
Chunk 203/268 finished
Chunk 204/268 finished
Chunk 205/268 finished
Chunk 206/268 finished
Chunk 207/268 finished
Chunk 208/268 finished
Chunk 209/268 finished
Chunk 210/268 finished
Validating with 77 and 99 done: 0.1913166344165802.
Start: 2026-02-28 15:04:14.344177
End: 2026-03-02 18:24:46.035298
Runtime: 2 days 5:20:31.69112
Best upper lower
Lower bound: 77
Upper bound: 99
Validation RMSE: 0.1913166344165802
