Running with eyJleHAiOiAid2F0ZXJsZXZlbF8xMmgiLCAibW9kZWxfdHlwZSI6ICJGRURGb3JtZXIiLCAic3RfbHQiOiAic2hvcnQtdGVybSIsICJzZW5zb3JfcHJlZml4IjogInNlbnNvcl8iLCAibW9kZV9wcmVmaXgiOiAibW9kZV8iLCAiZGlmZl9wcmVmaXgiOiAidF9zaW5jZV9vYnMiLCAibW9kZV9jb21wb25lbnQiOiBbIm1vZGVfZmxvdyJdfQ== eyJjb21wb25lbnQiOiAiYWxsIiwgImZvbGQiOiAwLCAiYnVuZGxlX2ZpbGUiOiAiL2hvbWUvamFuaXMvR2l0L2lvdHByZWRpY3Rpb24vZGF0YS93YXRlcmxldmVsXzEyaC9mb2xkMC5wa2wiLCAicHJlZGljdGlvbl9ob3Jpem9uIjogMTgwMCwgInByZWRpY3Rpb25fc3RyaWRlIjogMTUsICJpbnB1dF9zaXplIjogMTgwMCwgImdzIjogZmFsc2UsICJzaW0iOiB0cnVlLCAidHJhaW5fYm91bmRhcmllcyI6IHRydWUsICJsb3dlcl92YWxzIjogWzcsIDgsIDksIDEwLCAxMSwgMTIsIDEzXSwgInVwcGVyX3ZhbHMiOiBbMjcsIDI4LCAyOSwgMzAsIDMxLCAzMiwgMzNdLCAibG93ZXIiOiBudWxsLCAidXBwZXIiOiBudWxsLCAiYWN0dWFsX2JvdW5kYXJpZXMiOiBbMTAsIDMwXSwgInNlZ21lbnRhdGlvbiI6ICJvZmYiLCAibXVsdGkiOiBmYWxzZX0= eyJzY2FsZV9taW4iOiBbLTMuNzg2OTYzMjI0NDExMDEwN10sICJzY2FsZV9tYXgiOiBbMzQuOTM3OTM0ODc1NDg4MjhdfQ==
Loaded latest intermediate JSON from 2026-03-06 20:15:13.868463
Starting gridsearch for simulated control modes...
Total coarse configurations to evaluate: 49
Lower bounds: [7, 8, 9, 10, 11, 12, 13]
Upper bounds: [27, 28, 29, 30, 31, 32, 33]
Trained and saved prediction model to ./models_tmp/LightGBM_gridsearch_training_l7_u27_waterlevel_12h_0_Models.TCN_1800_15_1800_False.pkl
Current prediction at 7 27
Trained and saved prediction model to ./models_tmp/LightGBM_gridsearch_training_l7_u28_waterlevel_12h_0_Models.TCN_1800_15_1800_False.pkl
Current prediction at 7 28
Chunk 0/168 finished
Chunk 0/168 finished
Chunk 1/168 finished
Chunk 1/168 finished
Chunk 2/168 finished
Chunk 2/168 finished
Chunk 3/168 finished
Chunk 3/168 finished
Chunk 4/168 finished
Chunk 4/168 finished
Chunk 5/168 finished
Chunk 5/168 finished
Chunk 6/168 finished
Chunk 6/168 finished
Chunk 7/168 finished
Chunk 7/168 finished
Chunk 8/168 finished
Chunk 8/168 finished
Chunk 9/168 finished
Chunk 9/168 finished
Chunk 10/168 finished
Chunk 10/168 finished
Chunk 11/168 finished
Chunk 11/168 finished
Chunk 12/168 finished
Chunk 12/168 finished
Chunk 13/168 finished
Chunk 13/168 finished
Chunk 14/168 finished
Chunk 14/168 finished
Chunk 15/168 finished
Chunk 15/168 finished
Chunk 16/168 finished
Chunk 16/168 finished
Chunk 17/168 finished
Chunk 17/168 finished
Chunk 18/168 finished
Chunk 18/168 finished
Chunk 19/168 finished
Chunk 19/168 finished
Chunk 20/168 finished
Chunk 20/168 finished
Chunk 21/168 finished
Chunk 21/168 finished
Chunk 22/168 finished
Chunk 22/168 finished
Chunk 23/168 finished
Chunk 23/168 finished
Chunk 24/168 finished
Chunk 24/168 finished
Chunk 25/168 finished
Chunk 25/168 finished
Chunk 26/168 finished
Chunk 26/168 finished
Chunk 27/168 finished
Chunk 27/168 finished
Chunk 28/168 finished
Chunk 28/168 finished
Chunk 29/168 finished
Chunk 29/168 finished
Chunk 30/168 finished
Chunk 30/168 finished
Chunk 31/168 finished
Chunk 31/168 finished
Chunk 32/168 finished
Chunk 32/168 finished
Chunk 33/168 finished
Chunk 33/168 finished
Chunk 34/168 finished
Chunk 34/168 finished
Chunk 35/168 finished
Chunk 35/168 finished
Chunk 36/168 finished
Chunk 36/168 finished
Chunk 37/168 finished
Chunk 37/168 finished
Chunk 38/168 finished
Chunk 38/168 finished
Chunk 39/168 finished
Chunk 39/168 finished
Chunk 40/168 finished
Chunk 40/168 finished
Chunk 41/168 finished
Chunk 41/168 finished
Chunk 42/168 finished
Chunk 42/168 finished
Chunk 43/168 finished
Chunk 43/168 finished
Chunk 44/168 finished
Chunk 44/168 finished
Chunk 45/168 finished
Chunk 45/168 finished
Chunk 46/168 finished
Chunk 46/168 finished
Chunk 47/168 finished
Chunk 47/168 finished
Chunk 48/168 finished
Chunk 48/168 finished
Chunk 49/168 finished
Chunk 49/168 finished
Chunk 50/168 finished
Chunk 50/168 finished
Chunk 51/168 finished
Chunk 51/168 finished
Chunk 52/168 finished
Chunk 52/168 finished
Chunk 53/168 finished
Chunk 53/168 finished
Chunk 54/168 finished
Chunk 54/168 finished
Chunk 55/168 finished
Chunk 55/168 finished
Chunk 56/168 finished
Chunk 56/168 finished
Chunk 57/168 finished
Chunk 57/168 finished
Chunk 58/168 finished
Chunk 58/168 finished
Chunk 59/168 finished
Chunk 59/168 finished
Chunk 60/168 finished
Chunk 60/168 finished
Chunk 61/168 finished
Chunk 61/168 finished
Chunk 62/168 finished
Chunk 62/168 finished
Chunk 63/168 finished
Chunk 63/168 finished
Chunk 64/168 finished
Chunk 64/168 finished
Chunk 65/168 finished
Chunk 65/168 finished
Chunk 66/168 finished
Chunk 66/168 finished
Chunk 67/168 finished
Chunk 67/168 finished
Chunk 68/168 finished
Chunk 68/168 finished
Chunk 69/168 finished
Chunk 69/168 finished
Chunk 70/168 finished
Chunk 70/168 finished
Chunk 71/168 finished
Chunk 71/168 finished
Chunk 72/168 finished
Chunk 72/168 finished
Chunk 73/168 finished
Chunk 73/168 finished
Chunk 74/168 finished
Chunk 74/168 finished
Chunk 75/168 finished
Chunk 75/168 finished
Chunk 76/168 finished
Chunk 76/168 finished
Chunk 77/168 finished
Chunk 77/168 finished
Chunk 78/168 finished
Chunk 78/168 finished
Chunk 79/168 finished
Chunk 79/168 finished
Chunk 80/168 finished
Chunk 80/168 finished
Chunk 81/168 finished
Chunk 81/168 finished
Chunk 82/168 finished
Chunk 82/168 finished
Chunk 83/168 finished
Chunk 83/168 finished
Chunk 84/168 finished
Chunk 84/168 finished
Chunk 85/168 finished
Chunk 85/168 finished
Chunk 86/168 finished
Chunk 86/168 finished
Chunk 87/168 finished
Chunk 87/168 finished
Chunk 88/168 finished
Chunk 88/168 finished
Chunk 89/168 finished
Chunk 89/168 finished
Chunk 90/168 finished
Chunk 90/168 finished
Chunk 91/168 finished
Chunk 91/168 finished
Chunk 92/168 finished
Chunk 92/168 finished
Chunk 93/168 finished
Chunk 93/168 finished
Chunk 94/168 finished
Chunk 94/168 finished
Chunk 95/168 finished
Chunk 95/168 finished
Chunk 96/168 finished
Chunk 96/168 finished
Chunk 97/168 finished
Chunk 97/168 finished
Chunk 98/168 finished
Chunk 98/168 finished
Chunk 99/168 finished
Chunk 99/168 finished
Chunk 100/168 finished
Chunk 100/168 finished
Chunk 101/168 finished
Chunk 101/168 finished
Chunk 102/168 finished
Chunk 102/168 finished
Chunk 103/168 finished
Chunk 103/168 finished
Chunk 104/168 finished
Chunk 104/168 finished
Chunk 105/168 finished
Chunk 105/168 finished
Chunk 106/168 finished
Chunk 106/168 finished
Chunk 107/168 finished
Chunk 107/168 finished
Chunk 108/168 finished
Chunk 108/168 finished
Chunk 109/168 finished
Chunk 109/168 finished
Chunk 110/168 finished
Chunk 110/168 finished
Chunk 111/168 finished
Chunk 111/168 finished
Chunk 112/168 finished
Chunk 112/168 finished
Chunk 113/168 finished
Chunk 113/168 finished
Chunk 114/168 finished
Chunk 114/168 finished
Chunk 115/168 finished
Chunk 115/168 finished
Chunk 116/168 finished
Chunk 116/168 finished
Chunk 117/168 finished
Chunk 117/168 finished
Chunk 118/168 finished
Chunk 118/168 finished
Chunk 119/168 finished
Chunk 119/168 finished
Chunk 120/168 finished
Chunk 120/168 finished
Chunk 121/168 finished
Chunk 121/168 finished
Chunk 122/168 finished
Chunk 122/168 finished
Chunk 123/168 finished
Chunk 123/168 finished
Chunk 124/168 finished
Chunk 124/168 finished
Chunk 125/168 finished
Chunk 125/168 finished
Chunk 126/168 finished
Chunk 126/168 finished
Chunk 127/168 finished
Chunk 127/168 finished
Chunk 128/168 finished
Chunk 128/168 finished
Chunk 129/168 finished
Chunk 129/168 finished
Chunk 130/168 finished
Chunk 130/168 finished
Chunk 131/168 finished
Chunk 131/168 finished
Chunk 132/168 finished
Chunk 132/168 finished
Chunk 133/168 finished
Chunk 133/168 finished
Chunk 134/168 finished
Chunk 134/168 finished
Chunk 135/168 finished
Chunk 135/168 finished
Chunk 136/168 finished
Chunk 136/168 finished
Chunk 137/168 finished
Chunk 137/168 finished
Chunk 138/168 finished
Chunk 138/168 finished
Chunk 139/168 finished
Chunk 139/168 finished
Chunk 140/168 finished
Chunk 140/168 finished
Chunk 141/168 finished
Chunk 141/168 finished
Chunk 142/168 finished
Chunk 142/168 finished
Chunk 143/168 finished
Chunk 143/168 finished
Chunk 144/168 finished
Chunk 144/168 finished
Chunk 145/168 finished
Chunk 145/168 finished
Chunk 146/168 finished
Chunk 146/168 finished
Chunk 147/168 finished
Chunk 147/168 finished
Chunk 148/168 finished
Chunk 148/168 finished
Chunk 149/168 finished
Chunk 149/168 finished
Chunk 150/168 finished
Chunk 150/168 finished
Chunk 151/168 finished
Chunk 151/168 finished
Chunk 152/168 finished
Chunk 152/168 finished
Chunk 153/168 finished
Chunk 153/168 finished
Chunk 154/168 finished
Chunk 154/168 finished
Chunk 155/168 finished
Chunk 155/168 finished
Chunk 156/168 finished
Chunk 156/168 finished
Chunk 157/168 finished
Chunk 157/168 finished
Chunk 158/168 finished
Chunk 158/168 finished
Chunk 159/168 finished
Chunk 159/168 finished
Chunk 160/168 finished
Chunk 160/168 finished
Chunk 161/168 finished
Chunk 161/168 finished
Chunk 162/168 finished
Chunk 162/168 finished
Chunk 163/168 finished
Chunk 163/168 finished
Chunk 164/168 finished
Chunk 164/168 finished
Chunk 165/168 finished
Chunk 165/168 finished
Chunk 166/168 finished
Chunk 166/168 finished
Chunk 167/168 finished
The average WAPE is 35.21733093261719 for Experiment: waterlevel_12h, model: Models.TCN, horizon: short-term, component: Components.ALL, segment: off, prediction horizon: 1800, input_size: 1800, stride: 15
The average RMSE is 0.25363367795944214 for Experiment: waterlevel_12h, model: Models.TCN, horizon: short-term, component: Components.ALL, segment: off, prediction horizon: 1800, input_size: 1800, stride: 15
The average MAE is 0.20575454831123352 for Experiment: waterlevel_12h, model: Models.TCN, horizon: short-term, component: Components.ALL, segment: off, prediction horizon: 1800, input_size: 1800, stride: 15
Validating with 7 and 27 done: 0.25363367795944214.
Chunk 167/168 finished
The average WAPE is 35.051448822021484 for Experiment: waterlevel_12h, model: Models.TCN, horizon: short-term, component: Components.ALL, segment: off, prediction horizon: 1800, input_size: 1800, stride: 15
The average RMSE is 0.25218817591667175 for Experiment: waterlevel_12h, model: Models.TCN, horizon: short-term, component: Components.ALL, segment: off, prediction horizon: 1800, input_size: 1800, stride: 15
The average MAE is 0.20478522777557373 for Experiment: waterlevel_12h, model: Models.TCN, horizon: short-term, component: Components.ALL, segment: off, prediction horizon: 1800, input_size: 1800, stride: 15
Validating with 7 and 28 done: 0.25218817591667175.
Trained and saved prediction model to ./models_tmp/LightGBM_gridsearch_training_l7_u29_waterlevel_12h_0_Models.TCN_1800_15_1800_False.pkl
Current prediction at 7 29
Trained and saved prediction model to ./models_tmp/LightGBM_gridsearch_training_l7_u30_waterlevel_12h_0_Models.TCN_1800_15_1800_False.pkl
Current prediction at 7 30
Chunk 0/168 finished
Chunk 0/168 finished
Chunk 1/168 finished
Chunk 1/168 finished
Chunk 2/168 finished
Chunk 2/168 finished
Chunk 3/168 finished
Chunk 3/168 finished
Chunk 4/168 finished
Chunk 4/168 finished
Chunk 5/168 finished
Chunk 5/168 finished
Chunk 6/168 finished
Chunk 6/168 finished
Chunk 7/168 finished
Chunk 7/168 finished
Chunk 8/168 finished
Chunk 8/168 finished
Chunk 9/168 finished
Chunk 9/168 finished
Chunk 10/168 finished
Chunk 10/168 finished
Chunk 11/168 finished
Chunk 11/168 finished
Chunk 12/168 finished
Chunk 12/168 finished
Chunk 13/168 finished
Chunk 13/168 finished
Chunk 14/168 finished
Chunk 14/168 finished
Chunk 15/168 finished
Chunk 15/168 finished
Chunk 16/168 finished
Chunk 16/168 finished
Chunk 17/168 finished
Chunk 17/168 finished
Chunk 18/168 finished
Chunk 18/168 finished
Chunk 19/168 finished
Chunk 19/168 finished
Chunk 20/168 finished
Chunk 20/168 finished
Chunk 21/168 finished
Chunk 21/168 finished
Chunk 22/168 finished
Chunk 22/168 finished
Chunk 23/168 finished
Chunk 23/168 finished
Chunk 24/168 finished
Chunk 24/168 finished
Chunk 25/168 finished
Chunk 25/168 finished
Chunk 26/168 finished
Chunk 26/168 finished
Chunk 27/168 finished
Chunk 27/168 finished
Chunk 28/168 finished
Chunk 28/168 finished
Chunk 29/168 finished
Chunk 29/168 finished
Chunk 30/168 finished
Chunk 30/168 finished
Chunk 31/168 finished
Chunk 31/168 finished
Chunk 32/168 finished
Chunk 32/168 finished
Chunk 33/168 finished
Chunk 33/168 finished
Chunk 34/168 finished
Chunk 34/168 finished
Chunk 35/168 finished
Chunk 35/168 finished
Chunk 36/168 finished
Chunk 36/168 finished
Chunk 37/168 finished
Chunk 37/168 finished
Chunk 38/168 finished
Chunk 38/168 finished
Chunk 39/168 finished
Chunk 39/168 finished
Chunk 40/168 finished
Chunk 40/168 finished
Chunk 41/168 finished
Chunk 41/168 finished
Chunk 42/168 finished
Chunk 42/168 finished
Chunk 43/168 finished
Chunk 43/168 finished
Chunk 44/168 finished
Chunk 44/168 finished
Chunk 45/168 finished
Chunk 45/168 finished
Chunk 46/168 finished
Chunk 46/168 finished
Chunk 47/168 finished
Chunk 47/168 finished
Chunk 48/168 finished
Chunk 48/168 finished
Chunk 49/168 finished
Chunk 49/168 finished
Chunk 50/168 finished
Chunk 50/168 finished
Chunk 51/168 finished
Chunk 51/168 finished
Chunk 52/168 finished
Chunk 52/168 finished
Chunk 53/168 finished
Chunk 53/168 finished
Chunk 54/168 finished
Chunk 54/168 finished
Chunk 55/168 finished
Chunk 55/168 finished
Chunk 56/168 finished
Chunk 56/168 finished
Chunk 57/168 finished
Chunk 57/168 finished
Chunk 58/168 finished
Chunk 58/168 finished
Chunk 59/168 finished
Chunk 59/168 finished
Chunk 60/168 finished
Chunk 60/168 finished
Chunk 61/168 finished
Chunk 61/168 finished
Chunk 62/168 finished
Chunk 62/168 finished
Chunk 63/168 finished
Chunk 63/168 finished
Chunk 64/168 finished
Chunk 64/168 finished
Chunk 65/168 finished
Chunk 65/168 finished
Chunk 66/168 finished
Chunk 66/168 finished
Chunk 67/168 finished
Chunk 67/168 finished
Chunk 68/168 finished
Chunk 68/168 finished
Chunk 69/168 finished
Chunk 69/168 finished
Chunk 70/168 finished
Chunk 70/168 finished
Chunk 71/168 finished
Chunk 71/168 finished
Chunk 72/168 finished
Chunk 72/168 finished
Chunk 73/168 finished
Chunk 73/168 finished
Chunk 74/168 finished
Chunk 74/168 finished
Chunk 75/168 finished
Chunk 75/168 finished
Chunk 76/168 finished
Chunk 76/168 finished
Chunk 77/168 finished
Chunk 77/168 finished
Chunk 78/168 finished
Chunk 78/168 finished
Chunk 79/168 finished
Chunk 79/168 finished
Chunk 80/168 finished
Chunk 80/168 finished
Chunk 81/168 finished
Chunk 81/168 finished
Chunk 82/168 finished
Chunk 82/168 finished
Chunk 83/168 finished
Chunk 83/168 finished
Chunk 84/168 finished
Chunk 84/168 finished
Chunk 85/168 finished
Chunk 85/168 finished
Chunk 86/168 finished
Chunk 86/168 finished
Chunk 87/168 finished
Chunk 87/168 finished
Chunk 88/168 finished
Chunk 88/168 finished
Chunk 89/168 finished
Chunk 89/168 finished
Chunk 90/168 finished
Chunk 90/168 finished
Chunk 91/168 finished
Chunk 91/168 finished
Chunk 92/168 finished
Chunk 92/168 finished
Chunk 93/168 finished
Chunk 93/168 finished
Chunk 94/168 finished
Chunk 94/168 finished
Chunk 95/168 finished
Chunk 95/168 finished
Chunk 96/168 finished
Chunk 96/168 finished
Chunk 97/168 finished
Chunk 97/168 finished
Chunk 98/168 finished
Chunk 98/168 finished
Chunk 99/168 finished
Chunk 99/168 finished
Chunk 100/168 finished
Chunk 100/168 finished
Chunk 101/168 finished
Chunk 101/168 finished
Chunk 102/168 finished
Chunk 102/168 finished
Chunk 103/168 finished
Chunk 103/168 finished
Chunk 104/168 finished
Chunk 104/168 finished
Chunk 105/168 finished
Chunk 105/168 finished
Chunk 106/168 finished
Chunk 106/168 finished
Chunk 107/168 finished
Chunk 107/168 finished
Chunk 108/168 finished
Chunk 108/168 finished
Chunk 109/168 finished
Chunk 109/168 finished
Chunk 110/168 finished
Chunk 110/168 finished
Chunk 111/168 finished
Chunk 111/168 finished
Chunk 112/168 finished
Chunk 112/168 finished
Chunk 113/168 finished
Chunk 113/168 finished
Chunk 114/168 finished
Chunk 114/168 finished
Chunk 115/168 finished
Chunk 115/168 finished
Chunk 116/168 finished
Chunk 116/168 finished
Chunk 117/168 finished
Chunk 117/168 finished
Chunk 118/168 finished
Chunk 118/168 finished
Chunk 119/168 finished
Chunk 119/168 finished
Chunk 120/168 finished
Chunk 120/168 finished
Chunk 121/168 finished
Chunk 121/168 finished
Chunk 122/168 finished
Chunk 122/168 finished
Chunk 123/168 finished
Chunk 123/168 finished
Chunk 124/168 finished
Chunk 124/168 finished
Chunk 125/168 finished
Chunk 125/168 finished
Chunk 126/168 finished
Chunk 126/168 finished
Chunk 127/168 finished
Chunk 127/168 finished
Chunk 128/168 finished
Chunk 128/168 finished
Chunk 129/168 finished
Chunk 129/168 finished
Chunk 130/168 finished
Chunk 130/168 finished
Chunk 131/168 finished
Chunk 131/168 finished
Chunk 132/168 finished
Chunk 132/168 finished
Chunk 133/168 finished
Chunk 133/168 finished
Chunk 134/168 finished
Chunk 134/168 finished
Chunk 135/168 finished
Chunk 135/168 finished
Chunk 136/168 finished
Chunk 136/168 finished
Chunk 137/168 finished
Chunk 137/168 finished
Chunk 138/168 finished
Chunk 138/168 finished
Chunk 139/168 finished
Chunk 139/168 finished
Chunk 140/168 finished
Chunk 140/168 finished
Chunk 141/168 finished
Chunk 141/168 finished
Chunk 142/168 finished
Chunk 142/168 finished
Chunk 143/168 finished
Chunk 143/168 finished
Chunk 144/168 finished
Chunk 144/168 finished
Chunk 145/168 finished
Chunk 145/168 finished
Chunk 146/168 finished
Chunk 146/168 finished
Chunk 147/168 finished
Chunk 147/168 finished
Chunk 148/168 finished
Chunk 148/168 finished
Chunk 149/168 finished
Chunk 149/168 finished
Chunk 150/168 finished
Chunk 150/168 finished
Chunk 151/168 finished
Chunk 151/168 finished
Chunk 152/168 finished
Chunk 152/168 finished
Chunk 153/168 finished
Chunk 153/168 finished
Chunk 154/168 finished
Chunk 154/168 finished
Chunk 155/168 finished
Chunk 155/168 finished
Chunk 156/168 finished
Chunk 156/168 finished
Chunk 157/168 finished
Chunk 157/168 finished
Chunk 158/168 finished
Chunk 158/168 finished
Chunk 159/168 finished
Chunk 159/168 finished
Chunk 160/168 finished
Chunk 160/168 finished
Chunk 161/168 finished
Chunk 161/168 finished
Chunk 162/168 finished
Chunk 162/168 finished
Chunk 163/168 finished
Chunk 163/168 finished
Chunk 164/168 finished
Chunk 164/168 finished
Chunk 165/168 finished
Chunk 165/168 finished
Chunk 166/168 finished
Chunk 166/168 finished
Chunk 167/168 finished
The average WAPE is 35.03915023803711 for Experiment: waterlevel_12h, model: Models.TCN, horizon: short-term, component: Components.ALL, segment: off, prediction horizon: 1800, input_size: 1800, stride: 15
The average RMSE is 0.2517593801021576 for Experiment: waterlevel_12h, model: Models.TCN, horizon: short-term, component: Components.ALL, segment: off, prediction horizon: 1800, input_size: 1800, stride: 15
The average MAE is 0.20471134781837463 for Experiment: waterlevel_12h, model: Models.TCN, horizon: short-term, component: Components.ALL, segment: off, prediction horizon: 1800, input_size: 1800, stride: 15
Validating with 7 and 29 done: 0.2517593801021576.
Chunk 167/168 finished
The average WAPE is 35.3568000793457 for Experiment: waterlevel_12h, model: Models.TCN, horizon: short-term, component: Components.ALL, segment: off, prediction horizon: 1800, input_size: 1800, stride: 15
The average RMSE is 0.2540925145149231 for Experiment: waterlevel_12h, model: Models.TCN, horizon: short-term, component: Components.ALL, segment: off, prediction horizon: 1800, input_size: 1800, stride: 15
The average MAE is 0.20656608045101166 for Experiment: waterlevel_12h, model: Models.TCN, horizon: short-term, component: Components.ALL, segment: off, prediction horizon: 1800, input_size: 1800, stride: 15
Validating with 7 and 30 done: 0.2540925145149231.
